<?xml version="1.0" encoding="UTF-8"?>
<!-- Generated by org.testng.reporters.JUnitXMLReporter -->
<testsuite hostname="vasko" name="Default test" tests="15" failures="0" timestamp="10 Feb 2016 14:36:22 GMT" time="0.088" errors="0">
  <testcase name="@BeforeTest beforeTest" time="0.0" classname="com.ibm.salesconnect.test.mobile.CallRestAPITests">
    <failure type="java.security.InvalidParameterException" message="Required parameter not found in config: browser_start_command">
      <![CDATA[java.security.InvalidParameterException: Required parameter not found in config: browser_start_command
	at com.ibm.atmn.waffle.utils.Utils.loadPropertyMapToEnum(Utils.java:39)
	at com.ibm.atmn.waffle.core.TestConfiguration.loadConfigProperties(TestConfiguration.java:137)
	at com.ibm.atmn.waffle.core.TestConfiguration.<init>(TestConfiguration.java:114)
	at com.ibm.atmn.waffle.core.TestConfiguration.getTestConfiguration(TestConfiguration.java:128)
	at com.ibm.atmn.waffle.core.TestManager.<init>(TestManager.java:42)
	at com.ibm.atmn.waffle.core.TestManager.getTestManager(TestManager.java:58)
	at com.ibm.atmn.waffle.base.BaseSetup.beforeTest(BaseSetup.java:45)
	at sun.reflect.NativeMethodAccessorImpl.invoke0(Native Method)
	at sun.reflect.NativeMethodAccessorImpl.invoke(Unknown Source)
	at sun.reflect.DelegatingMethodAccessorImpl.invoke(Unknown Source)
	at java.lang.reflect.Method.invoke(Unknown Source)
	at org.testng.internal.MethodInvocationHelper.invokeMethod(MethodInvocationHelper.java:80)
	at org.testng.internal.Invoker.invokeConfigurationMethod(Invoker.java:551)
	at org.testng.internal.Invoker.invokeConfigurations(Invoker.java:213)
	at org.testng.internal.Invoker.invokeConfigurations(Invoker.java:138)
	at org.testng.TestRunner.beforeRun(TestRunner.java:637)
	at org.testng.TestRunner.run(TestRunner.java:605)
	at org.testng.SuiteRunner.runTest(SuiteRunner.java:334)
	at org.testng.SuiteRunner.runSequentially(SuiteRunner.java:329)
	at org.testng.SuiteRunner.privateRun(SuiteRunner.java:291)
	at org.testng.SuiteRunner.run(SuiteRunner.java:240)
	at org.testng.SuiteRunnerWorker.runSuite(SuiteRunnerWorker.java:53)
	at org.testng.SuiteRunnerWorker.run(SuiteRunnerWorker.java:87)
	at org.testng.TestNG.runSuitesSequentially(TestNG.java:1170)
	at org.testng.TestNG.runSuitesLocally(TestNG.java:1095)
	at org.testng.TestNG.run(TestNG.java:1007)
	at org.testng.remote.RemoteTestNG.run(RemoteTestNG.java:109)
	at org.testng.remote.RemoteTestNG.initAndRun(RemoteTestNG.java:202)
	at org.testng.remote.RemoteTestNG.main(RemoteTestNG.java:173)
]]>
    </failure>
  </testcase> <!-- @BeforeTest beforeTest -->
  <testcase name="@BeforeClass beforeClass" time="0.0" classname="com.ibm.salesconnect.test.mobile.CallRestAPITests">
    <skipped/>
  </testcase> <!-- @BeforeClass beforeClass -->
  <testcase name="@BeforeMethod beforeMethod" time="0.0" classname="com.ibm.salesconnect.test.mobile.CallRestAPITests">
    <skipped/>
  </testcase> <!-- @BeforeMethod beforeMethod -->
  <testcase name="@BeforeMethod beforeMethod" time="0.0" classname="com.ibm.salesconnect.test.mobile.CallRestAPITests">
    <skipped/>
  </testcase> <!-- @BeforeMethod beforeMethod -->
  <testcase name="@BeforeMethod beforeMethod" time="0.0" classname="com.ibm.salesconnect.test.mobile.CallRestAPITests">
    <skipped/>
  </testcase> <!-- @BeforeMethod beforeMethod -->
  <testcase name="@BeforeMethod beforeMethod" time="0.0" classname="com.ibm.salesconnect.test.mobile.CallRestAPITests">
    <skipped/>
  </testcase> <!-- @BeforeMethod beforeMethod -->
  <testcase name="@BeforeMethod beforeMethod" time="0.0" classname="com.ibm.salesconnect.test.mobile.CallRestAPITests">
    <skipped/>
  </testcase> <!-- @BeforeMethod beforeMethod -->
  <testcase name="@BeforeMethod beforeMethod" time="0.0" classname="com.ibm.salesconnect.test.mobile.CallRestAPITests">
    <skipped/>
  </testcase> <!-- @BeforeMethod beforeMethod -->
  <testcase name="@BeforeMethod beforeMethod" time="0.0" classname="com.ibm.salesconnect.test.mobile.CallRestAPITests">
    <skipped/>
  </testcase> <!-- @BeforeMethod beforeMethod -->
  <testcase name="@BeforeMethod beforeMethod" time="0.0" classname="com.ibm.salesconnect.test.mobile.CallRestAPITests">
    <skipped/>
  </testcase> <!-- @BeforeMethod beforeMethod -->
  <testcase name="@BeforeMethod beforeMethod" time="0.0" classname="com.ibm.salesconnect.test.mobile.CallRestAPITests">
    <skipped/>
  </testcase> <!-- @BeforeMethod beforeMethod -->
  <testcase name="@BeforeMethod beforeMethod" time="0.0" classname="com.ibm.salesconnect.test.mobile.CallRestAPITests">
    <skipped/>
  </testcase> <!-- @BeforeMethod beforeMethod -->
  <testcase name="@BeforeMethod beforeMethod" time="0.0" classname="com.ibm.salesconnect.test.mobile.CallRestAPITests">
    <skipped/>
  </testcase> <!-- @BeforeMethod beforeMethod -->
  <testcase name="@BeforeMethod beforeMethod" time="0.0" classname="com.ibm.salesconnect.test.mobile.CallRestAPITests">
    <skipped/>
  </testcase> <!-- @BeforeMethod beforeMethod -->
  <testcase name="@BeforeMethod beforeMethod" time="0.0" classname="com.ibm.salesconnect.test.mobile.CallRestAPITests">
    <skipped/>
  </testcase> <!-- @BeforeMethod beforeMethod -->
  <testcase name="@BeforeMethod beforeMethod" time="0.0" classname="com.ibm.salesconnect.test.mobile.CallRestAPITests">
    <skipped/>
  </testcase> <!-- @BeforeMethod beforeMethod -->
  <testcase name="@BeforeMethod beforeMethod" time="0.0" classname="com.ibm.salesconnect.test.mobile.CallRestAPITests">
    <skipped/>
  </testcase> <!-- @BeforeMethod beforeMethod -->
  <testcase name="Test_createCall" time="0.001" classname="com.ibm.salesconnect.test.mobile.CallRestAPITests">
    <skipped/>
  </testcase> <!-- Test_createCall -->
  <testcase name="Test_deleteCall" time="0.002" classname="com.ibm.salesconnect.test.mobile.CallRestAPITests">
    <skipped/>
  </testcase> <!-- Test_deleteCall -->
  <testcase name="Test_editCall" time="0.001" classname="com.ibm.salesconnect.test.mobile.CallRestAPITests">
    <skipped/>
  </testcase> <!-- Test_editCall -->
  <testcase name="Test_favoriteCall" time="0.0" classname="com.ibm.salesconnect.test.mobile.CallRestAPITests">
    <skipped/>
  </testcase> <!-- Test_favoriteCall -->
  <testcase name="Test_linkAdditionalAssigneeToCall" time="0.001" classname="com.ibm.salesconnect.test.mobile.CallRestAPITests">
    <skipped/>
  </testcase> <!-- Test_linkAdditionalAssigneeToCall -->
  <testcase name="Test_linkContactToCall" time="0.001" classname="com.ibm.salesconnect.test.mobile.CallRestAPITests">
    <skipped/>
  </testcase> <!-- Test_linkContactToCall -->
  <testcase name="Test_linkNoteToCall" time="0.001" classname="com.ibm.salesconnect.test.mobile.CallRestAPITests">
    <skipped/>
  </testcase> <!-- Test_linkNoteToCall -->
  <testcase name="Test_linkOpportunityToCall" time="0.001" classname="com.ibm.salesconnect.test.mobile.CallRestAPITests">
    <skipped/>
  </testcase> <!-- Test_linkOpportunityToCall -->
  <testcase name="Test_linkTaskToCall" time="0.0" classname="com.ibm.salesconnect.test.mobile.CallRestAPITests">
    <skipped/>
  </testcase> <!-- Test_linkTaskToCall -->
  <testcase name="Test_linkUserToCall" time="0.001" classname="com.ibm.salesconnect.test.mobile.CallRestAPITests">
    <skipped/>
  </testcase> <!-- Test_linkUserToCall -->
  <testcase name="Test_relateNewContactToCall" time="0.001" classname="com.ibm.salesconnect.test.mobile.CallRestAPITests">
    <skipped/>
  </testcase> <!-- Test_relateNewContactToCall -->
  <testcase name="Test_relateNewNoteToCall" time="0.0" classname="com.ibm.salesconnect.test.mobile.CallRestAPITests">
    <skipped/>
  </testcase> <!-- Test_relateNewNoteToCall -->
  <testcase name="Test_relateNewOpportunityToCall" time="0.001" classname="com.ibm.salesconnect.test.mobile.CallRestAPITests">
    <skipped/>
  </testcase> <!-- Test_relateNewOpportunityToCall -->
  <testcase name="Test_relateNewTaskToCall" time="0.001" classname="com.ibm.salesconnect.test.mobile.CallRestAPITests">
    <skipped/>
  </testcase> <!-- Test_relateNewTaskToCall -->
  <testcase name="Test_unFavoriteCall" time="0.0" classname="com.ibm.salesconnect.test.mobile.CallRestAPITests">
    <skipped/>
  </testcase> <!-- Test_unFavoriteCall -->
</testsuite> <!-- Default test -->
