<html>
<head>
<title>TestNG:  Default test</title>
<link href="../testng.css" rel="stylesheet" type="text/css" />
<link href="../my-testng.css" rel="stylesheet" type="text/css" />

<style type="text/css">
.log { display: none;} 
.stack-trace { display: none;} 
</style>
<script type="text/javascript">
<!--
function flip(e) {
  current = e.style.display;
  if (current == 'block') {
    e.style.display = 'none';
    return 0;
  }
  else {
    e.style.display = 'block';
    return 1;
  }
}

function toggleBox(szDivId, elem, msg1, msg2)
{
  var res = -1;  if (document.getElementById) {
    res = flip(document.getElementById(szDivId));
  }
  else if (document.all) {
    // this is the way old msie versions work
    res = flip(document.all[szDivId]);
  }
  if(elem) {
    if(res == 0) elem.innerHTML = msg1; else elem.innerHTML = msg2;
  }

}

function toggleAllBoxes() {
  if (document.getElementsByTagName) {
    d = document.getElementsByTagName('div');
    for (i = 0; i < d.length; i++) {
      if (d[i].className == 'log') {
        flip(d[i]);
      }
    }
  }
}

// -->
</script>

</head>
<body>
<h2 align='center'>Default test</h2><table border='1' align="center">
<tr>
<td>Tests passed/Failed/Skipped:</td><td>0/0/15</td>
</tr><tr>
<td>Started on:</td><td>Wed Feb 10 11:36:21 BRT 2016</td>
</tr>
<tr><td>Total time:</td><td>0 seconds (88 ms)</td>
</tr><tr>
<td>Included groups:</td><td></td>
</tr><tr>
<td>Excluded groups:</td><td></td>
</tr>
</table><p/>
<small><i>(Hover the method name to see the test class name)</i></small><p/>
<table width='100%' border='1' class='invocation-failed'>
<tr><td colspan='4' align='center'><b>FAILED CONFIGURATIONS</b></td></tr>
<tr><td><b>Test method</b></td>
<td width="30%"><b>Exception</b></td>
<td width="10%"><b>Time (seconds)</b></td>
<td><b>Instance</b></td>
</tr>
<tr>
<td title='com.ibm.salesconnect.test.mobile.CallRestAPITests.beforeTest()'><b>beforeTest</b><br>Test class: com.ibm.salesconnect.test.mobile.CallRestAPITests<br>Parameters: org.testng.TestRunner@770ce6fc</td>
<td><div><pre>java.security.InvalidParameterException: Required parameter not found in config: browser_start_command
	at com.ibm.atmn.waffle.utils.Utils.loadPropertyMapToEnum(Utils.java:39)
	at com.ibm.atmn.waffle.core.TestConfiguration.loadConfigProperties(TestConfiguration.java:137)
	at com.ibm.atmn.waffle.core.TestConfiguration.&lt;init&gt;(TestConfiguration.java:114)
	at com.ibm.atmn.waffle.core.TestConfiguration.getTestConfiguration(TestConfiguration.java:128)
	at com.ibm.atmn.waffle.core.TestManager.&lt;init&gt;(TestManager.java:42)
	at com.ibm.atmn.waffle.core.TestManager.getTestManager(TestManager.java:58)
	at com.ibm.atmn.waffle.base.BaseSetup.beforeTest(BaseSetup.java:45)
	at sun.reflect.NativeMethodAccessorImpl.invoke0(Native Method)
	at sun.reflect.NativeMethodAccessorImpl.invoke(Unknown Source)
	at sun.reflect.DelegatingMethodAccessorImpl.invoke(Unknown Source)
	at java.lang.reflect.Method.invoke(Unknown Source)
	at org.testng.internal.MethodInvocationHelper.invokeMethod(MethodInvocationHelper.java:80)
	at org.testng.internal.Invoker.invokeConfigurationMethod(Invoker.java:551)
	at org.testng.internal.Invoker.invokeConfigurations(Invoker.java:213)
	at org.testng.internal.Invoker.invokeConfigurations(Invoker.java:138)
	at org.testng.TestRunner.beforeRun(TestRunner.java:637)
	at org.testng.TestRunner.run(TestRunner.java:605)
	at org.testng.SuiteRunner.runTest(SuiteRunner.java:334)
	at org.testng.SuiteRunner.runSequentially(SuiteRunner.java:329)
	at org.testng.SuiteRunner.privateRun(SuiteRunner.java:291)
	at org.testng.SuiteRunner.run(SuiteRunner.java:240)
	at org.testng.SuiteRunnerWorker.runSuite(SuiteRunnerWorker.java:53)
	at org.testng.SuiteRunnerWorker.run(SuiteRunnerWorker.java:87)
	at org.testng.TestNG.runSuitesSequentially(TestNG.java:1170)
	at org.testng.TestNG.runSuitesLocally(TestNG.java:1095)
	at org.testng.TestNG.run(TestNG.java:1007)
	at org.testng.remote.RemoteTestNG.run(RemoteTestNG.java:109)
	at org.testng.remote.RemoteTestNG.initAndRun(RemoteTestNG.java:202)
	at org.testng.remote.RemoteTestNG.main(RemoteTestNG.java:173)
</pre></div><a href='#' onClick='toggleBox("stack-trace1963971295", this, "Click to show all stack frames", "Click to hide stack frames")'>Click to show all stack frames</a>
<div class='stack-trace' id='stack-trace1963971295'><pre>java.security.InvalidParameterException: Required parameter not found in config: browser_start_command
	at com.ibm.atmn.waffle.utils.Utils.loadPropertyMapToEnum(Utils.java:39)
	at com.ibm.atmn.waffle.core.TestConfiguration.loadConfigProperties(TestConfiguration.java:137)
	at com.ibm.atmn.waffle.core.TestConfiguration.&lt;init&gt;(TestConfiguration.java:114)
	at com.ibm.atmn.waffle.core.TestConfiguration.getTestConfiguration(TestConfiguration.java:128)
	at com.ibm.atmn.waffle.core.TestManager.&lt;init&gt;(TestManager.java:42)
	at com.ibm.atmn.waffle.core.TestManager.getTestManager(TestManager.java:58)
	at com.ibm.atmn.waffle.base.BaseSetup.beforeTest(BaseSetup.java:45)
	at sun.reflect.NativeMethodAccessorImpl.invoke0(Native Method)
	at sun.reflect.NativeMethodAccessorImpl.invoke(Unknown Source)
	at sun.reflect.DelegatingMethodAccessorImpl.invoke(Unknown Source)
	at java.lang.reflect.Method.invoke(Unknown Source)
	at org.testng.internal.MethodInvocationHelper.invokeMethod(MethodInvocationHelper.java:80)
	at org.testng.internal.Invoker.invokeConfigurationMethod(Invoker.java:551)
	at org.testng.internal.Invoker.invokeConfigurations(Invoker.java:213)
	at org.testng.internal.Invoker.invokeConfigurations(Invoker.java:138)
	at org.testng.TestRunner.beforeRun(TestRunner.java:637)
	at org.testng.TestRunner.run(TestRunner.java:605)
	at org.testng.SuiteRunner.runTest(SuiteRunner.java:334)
	at org.testng.SuiteRunner.runSequentially(SuiteRunner.java:329)
	at org.testng.SuiteRunner.privateRun(SuiteRunner.java:291)
	at org.testng.SuiteRunner.run(SuiteRunner.java:240)
	at org.testng.SuiteRunnerWorker.runSuite(SuiteRunnerWorker.java:53)
	at org.testng.SuiteRunnerWorker.run(SuiteRunnerWorker.java:87)
	at org.testng.TestNG.runSuitesSequentially(TestNG.java:1170)
	at org.testng.TestNG.runSuitesLocally(TestNG.java:1095)
	at org.testng.TestNG.run(TestNG.java:1007)
	at org.testng.remote.RemoteTestNG.run(RemoteTestNG.java:109)
	at org.testng.remote.RemoteTestNG.initAndRun(RemoteTestNG.java:202)
	at org.testng.remote.RemoteTestNG.main(RemoteTestNG.java:173)
</pre></div></td>
<td>0</td>
<td>null</td></tr>
</table><p>
<table width='100%' border='1' class='invocation-skipped'>
<tr><td colspan='4' align='center'><b>SKIPPED CONFIGURATIONS</b></td></tr>
<tr><td><b>Test method</b></td>
<td width="30%"><b>Exception</b></td>
<td width="10%"><b>Time (seconds)</b></td>
<td><b>Instance</b></td>
</tr>
<tr>
<td title='com.ibm.salesconnect.test.mobile.CallRestAPITests.beforeClass()'><b>beforeClass</b><br>Test class: com.ibm.salesconnect.test.mobile.CallRestAPITests</td>
<td></td>
<td>0</td>
<td>com.ibm.salesconnect.test.mobile.CallRestAPITests@6d70c116</td></tr>
<tr>
<td title='com.ibm.salesconnect.test.mobile.CallRestAPITests.beforeMethod()'><b>beforeMethod</b><br>Test class: com.ibm.salesconnect.test.mobile.CallRestAPITests</td>
<td></td>
<td>0</td>
<td>com.ibm.salesconnect.test.mobile.CallRestAPITests@6d70c116</td></tr>
<tr>
<td title='com.ibm.salesconnect.test.mobile.CallRestAPITests.beforeMethod()'><b>beforeMethod</b><br>Test class: com.ibm.salesconnect.test.mobile.CallRestAPITests</td>
<td></td>
<td>0</td>
<td>com.ibm.salesconnect.test.mobile.CallRestAPITests@6d70c116</td></tr>
<tr>
<td title='com.ibm.salesconnect.test.mobile.CallRestAPITests.beforeMethod()'><b>beforeMethod</b><br>Test class: com.ibm.salesconnect.test.mobile.CallRestAPITests</td>
<td></td>
<td>0</td>
<td>com.ibm.salesconnect.test.mobile.CallRestAPITests@6d70c116</td></tr>
<tr>
<td title='com.ibm.salesconnect.test.mobile.CallRestAPITests.beforeMethod()'><b>beforeMethod</b><br>Test class: com.ibm.salesconnect.test.mobile.CallRestAPITests</td>
<td></td>
<td>0</td>
<td>com.ibm.salesconnect.test.mobile.CallRestAPITests@6d70c116</td></tr>
<tr>
<td title='com.ibm.salesconnect.test.mobile.CallRestAPITests.beforeMethod()'><b>beforeMethod</b><br>Test class: com.ibm.salesconnect.test.mobile.CallRestAPITests</td>
<td></td>
<td>0</td>
<td>com.ibm.salesconnect.test.mobile.CallRestAPITests@6d70c116</td></tr>
<tr>
<td title='com.ibm.salesconnect.test.mobile.CallRestAPITests.beforeMethod()'><b>beforeMethod</b><br>Test class: com.ibm.salesconnect.test.mobile.CallRestAPITests</td>
<td></td>
<td>0</td>
<td>com.ibm.salesconnect.test.mobile.CallRestAPITests@6d70c116</td></tr>
<tr>
<td title='com.ibm.salesconnect.test.mobile.CallRestAPITests.beforeMethod()'><b>beforeMethod</b><br>Test class: com.ibm.salesconnect.test.mobile.CallRestAPITests</td>
<td></td>
<td>0</td>
<td>com.ibm.salesconnect.test.mobile.CallRestAPITests@6d70c116</td></tr>
<tr>
<td title='com.ibm.salesconnect.test.mobile.CallRestAPITests.beforeMethod()'><b>beforeMethod</b><br>Test class: com.ibm.salesconnect.test.mobile.CallRestAPITests</td>
<td></td>
<td>0</td>
<td>com.ibm.salesconnect.test.mobile.CallRestAPITests@6d70c116</td></tr>
<tr>
<td title='com.ibm.salesconnect.test.mobile.CallRestAPITests.beforeMethod()'><b>beforeMethod</b><br>Test class: com.ibm.salesconnect.test.mobile.CallRestAPITests</td>
<td></td>
<td>0</td>
<td>com.ibm.salesconnect.test.mobile.CallRestAPITests@6d70c116</td></tr>
<tr>
<td title='com.ibm.salesconnect.test.mobile.CallRestAPITests.beforeMethod()'><b>beforeMethod</b><br>Test class: com.ibm.salesconnect.test.mobile.CallRestAPITests</td>
<td></td>
<td>0</td>
<td>com.ibm.salesconnect.test.mobile.CallRestAPITests@6d70c116</td></tr>
<tr>
<td title='com.ibm.salesconnect.test.mobile.CallRestAPITests.beforeMethod()'><b>beforeMethod</b><br>Test class: com.ibm.salesconnect.test.mobile.CallRestAPITests</td>
<td></td>
<td>0</td>
<td>com.ibm.salesconnect.test.mobile.CallRestAPITests@6d70c116</td></tr>
<tr>
<td title='com.ibm.salesconnect.test.mobile.CallRestAPITests.beforeMethod()'><b>beforeMethod</b><br>Test class: com.ibm.salesconnect.test.mobile.CallRestAPITests</td>
<td></td>
<td>0</td>
<td>com.ibm.salesconnect.test.mobile.CallRestAPITests@6d70c116</td></tr>
<tr>
<td title='com.ibm.salesconnect.test.mobile.CallRestAPITests.beforeMethod()'><b>beforeMethod</b><br>Test class: com.ibm.salesconnect.test.mobile.CallRestAPITests</td>
<td></td>
<td>0</td>
<td>com.ibm.salesconnect.test.mobile.CallRestAPITests@6d70c116</td></tr>
<tr>
<td title='com.ibm.salesconnect.test.mobile.CallRestAPITests.beforeMethod()'><b>beforeMethod</b><br>Test class: com.ibm.salesconnect.test.mobile.CallRestAPITests</td>
<td></td>
<td>0</td>
<td>com.ibm.salesconnect.test.mobile.CallRestAPITests@6d70c116</td></tr>
<tr>
<td title='com.ibm.salesconnect.test.mobile.CallRestAPITests.beforeMethod()'><b>beforeMethod</b><br>Test class: com.ibm.salesconnect.test.mobile.CallRestAPITests</td>
<td></td>
<td>0</td>
<td>com.ibm.salesconnect.test.mobile.CallRestAPITests@6d70c116</td></tr>
</table><p>
<table width='100%' border='1' class='invocation-skipped'>
<tr><td colspan='4' align='center'><b>SKIPPED TESTS</b></td></tr>
<tr><td><b>Test method</b></td>
<td width="30%"><b>Exception</b></td>
<td width="10%"><b>Time (seconds)</b></td>
<td><b>Instance</b></td>
</tr>
<tr>
<td title='com.ibm.salesconnect.test.mobile.CallRestAPITests.Test_createCall()'><b>Test_createCall</b><br>Test class: com.ibm.salesconnect.test.mobile.CallRestAPITests</td>
<td></td>
<td>0</td>
<td>com.ibm.salesconnect.test.mobile.CallRestAPITests@6d70c116</td></tr>
<tr>
<td title='com.ibm.salesconnect.test.mobile.CallRestAPITests.Test_deleteCall()'><b>Test_deleteCall</b><br>Test class: com.ibm.salesconnect.test.mobile.CallRestAPITests</td>
<td></td>
<td>0</td>
<td>com.ibm.salesconnect.test.mobile.CallRestAPITests@6d70c116</td></tr>
<tr>
<td title='com.ibm.salesconnect.test.mobile.CallRestAPITests.Test_editCall()'><b>Test_editCall</b><br>Test class: com.ibm.salesconnect.test.mobile.CallRestAPITests</td>
<td></td>
<td>0</td>
<td>com.ibm.salesconnect.test.mobile.CallRestAPITests@6d70c116</td></tr>
<tr>
<td title='com.ibm.salesconnect.test.mobile.CallRestAPITests.Test_favoriteCall()'><b>Test_favoriteCall</b><br>Test class: com.ibm.salesconnect.test.mobile.CallRestAPITests</td>
<td></td>
<td>0</td>
<td>com.ibm.salesconnect.test.mobile.CallRestAPITests@6d70c116</td></tr>
<tr>
<td title='com.ibm.salesconnect.test.mobile.CallRestAPITests.Test_linkAdditionalAssigneeToCall()'><b>Test_linkAdditionalAssigneeToCall</b><br>Test class: com.ibm.salesconnect.test.mobile.CallRestAPITests</td>
<td></td>
<td>0</td>
<td>com.ibm.salesconnect.test.mobile.CallRestAPITests@6d70c116</td></tr>
<tr>
<td title='com.ibm.salesconnect.test.mobile.CallRestAPITests.Test_linkContactToCall()'><b>Test_linkContactToCall</b><br>Test class: com.ibm.salesconnect.test.mobile.CallRestAPITests</td>
<td></td>
<td>0</td>
<td>com.ibm.salesconnect.test.mobile.CallRestAPITests@6d70c116</td></tr>
<tr>
<td title='com.ibm.salesconnect.test.mobile.CallRestAPITests.Test_linkNoteToCall()'><b>Test_linkNoteToCall</b><br>Test class: com.ibm.salesconnect.test.mobile.CallRestAPITests</td>
<td></td>
<td>0</td>
<td>com.ibm.salesconnect.test.mobile.CallRestAPITests@6d70c116</td></tr>
<tr>
<td title='com.ibm.salesconnect.test.mobile.CallRestAPITests.Test_linkOpportunityToCall()'><b>Test_linkOpportunityToCall</b><br>Test class: com.ibm.salesconnect.test.mobile.CallRestAPITests</td>
<td></td>
<td>0</td>
<td>com.ibm.salesconnect.test.mobile.CallRestAPITests@6d70c116</td></tr>
<tr>
<td title='com.ibm.salesconnect.test.mobile.CallRestAPITests.Test_linkTaskToCall()'><b>Test_linkTaskToCall</b><br>Test class: com.ibm.salesconnect.test.mobile.CallRestAPITests</td>
<td></td>
<td>0</td>
<td>com.ibm.salesconnect.test.mobile.CallRestAPITests@6d70c116</td></tr>
<tr>
<td title='com.ibm.salesconnect.test.mobile.CallRestAPITests.Test_linkUserToCall()'><b>Test_linkUserToCall</b><br>Test class: com.ibm.salesconnect.test.mobile.CallRestAPITests</td>
<td></td>
<td>0</td>
<td>com.ibm.salesconnect.test.mobile.CallRestAPITests@6d70c116</td></tr>
<tr>
<td title='com.ibm.salesconnect.test.mobile.CallRestAPITests.Test_relateNewContactToCall()'><b>Test_relateNewContactToCall</b><br>Test class: com.ibm.salesconnect.test.mobile.CallRestAPITests</td>
<td></td>
<td>0</td>
<td>com.ibm.salesconnect.test.mobile.CallRestAPITests@6d70c116</td></tr>
<tr>
<td title='com.ibm.salesconnect.test.mobile.CallRestAPITests.Test_relateNewNoteToCall()'><b>Test_relateNewNoteToCall</b><br>Test class: com.ibm.salesconnect.test.mobile.CallRestAPITests</td>
<td></td>
<td>0</td>
<td>com.ibm.salesconnect.test.mobile.CallRestAPITests@6d70c116</td></tr>
<tr>
<td title='com.ibm.salesconnect.test.mobile.CallRestAPITests.Test_relateNewOpportunityToCall()'><b>Test_relateNewOpportunityToCall</b><br>Test class: com.ibm.salesconnect.test.mobile.CallRestAPITests</td>
<td></td>
<td>0</td>
<td>com.ibm.salesconnect.test.mobile.CallRestAPITests@6d70c116</td></tr>
<tr>
<td title='com.ibm.salesconnect.test.mobile.CallRestAPITests.Test_relateNewTaskToCall()'><b>Test_relateNewTaskToCall</b><br>Test class: com.ibm.salesconnect.test.mobile.CallRestAPITests</td>
<td></td>
<td>0</td>
<td>com.ibm.salesconnect.test.mobile.CallRestAPITests@6d70c116</td></tr>
<tr>
<td title='com.ibm.salesconnect.test.mobile.CallRestAPITests.Test_unFavoriteCall()'><b>Test_unFavoriteCall</b><br>Test class: com.ibm.salesconnect.test.mobile.CallRestAPITests</td>
<td></td>
<td>0</td>
<td>com.ibm.salesconnect.test.mobile.CallRestAPITests@6d70c116</td></tr>
</table><p>
</body>
</html>