<?xml version="1.0" encoding="UTF-8"?>
<testng-results skipped="0" failed="0" total="95" passed="95">
  <reporter-output>
    <line>
      <![CDATA[ Test : SmokeTestSuite - Mobile tests - Test_createCall
 has started]]>
    </line>
    <line>
      <![CDATA[ Test : SmokeTestSuite - Mobile tests - Test_createCall
 has passed]]>
    </line>
    <line>
      <![CDATA[ Test : SmokeTestSuite - Mobile tests - Test_deleteCall
 has started]]>
    </line>
    <line>
      <![CDATA[ Test : SmokeTestSuite - Mobile tests - Test_deleteCall
 has passed]]>
    </line>
    <line>
      <![CDATA[ Test : SmokeTestSuite - Mobile tests - Test_editCall
 has started]]>
    </line>
    <line>
      <![CDATA[ Test : SmokeTestSuite - Mobile tests - Test_editCall
 has passed]]>
    </line>
    <line>
      <![CDATA[ Test : SmokeTestSuite - Mobile tests - Test_favoriteCall
 has started]]>
    </line>
    <line>
      <![CDATA[ Test : SmokeTestSuite - Mobile tests - Test_favoriteCall
 has passed]]>
    </line>
    <line>
      <![CDATA[ Test : SmokeTestSuite - Mobile tests - Test_linkAdditionalAssigneeToCall
 has started]]>
    </line>
    <line>
      <![CDATA[ Test : SmokeTestSuite - Mobile tests - Test_linkAdditionalAssigneeToCall
 has passed]]>
    </line>
    <line>
      <![CDATA[ Test : SmokeTestSuite - Mobile tests - Test_linkContactToCall
 has started]]>
    </line>
    <line>
      <![CDATA[ Test : SmokeTestSuite - Mobile tests - Test_linkContactToCall
 has passed]]>
    </line>
    <line>
      <![CDATA[ Test : SmokeTestSuite - Mobile tests - Test_linkNoteToCall
 has started]]>
    </line>
    <line>
      <![CDATA[ Test : SmokeTestSuite - Mobile tests - Test_linkNoteToCall
 has passed]]>
    </line>
    <line>
      <![CDATA[ Test : SmokeTestSuite - Mobile tests - Test_linkOpportunityToCall
 has started]]>
    </line>
    <line>
      <![CDATA[ Test : SmokeTestSuite - Mobile tests - Test_linkOpportunityToCall
 has passed]]>
    </line>
    <line>
      <![CDATA[ Test : SmokeTestSuite - Mobile tests - Test_linkTaskToCall
 has started]]>
    </line>
    <line>
      <![CDATA[ Test : SmokeTestSuite - Mobile tests - Test_linkTaskToCall
 has passed]]>
    </line>
    <line>
      <![CDATA[ Test : SmokeTestSuite - Mobile tests - Test_linkUserToCall
 has started]]>
    </line>
    <line>
      <![CDATA[ Test : SmokeTestSuite - Mobile tests - Test_linkUserToCall
 has passed]]>
    </line>
    <line>
      <![CDATA[ Test : SmokeTestSuite - Mobile tests - Test_relateNewContactToCall
 has started]]>
    </line>
    <line>
      <![CDATA[ Test : SmokeTestSuite - Mobile tests - Test_relateNewContactToCall
 has passed]]>
    </line>
    <line>
      <![CDATA[ Test : SmokeTestSuite - Mobile tests - Test_relateNewNoteToCall
 has started]]>
    </line>
    <line>
      <![CDATA[ Test : SmokeTestSuite - Mobile tests - Test_relateNewNoteToCall
 has passed]]>
    </line>
    <line>
      <![CDATA[ Test : SmokeTestSuite - Mobile tests - Test_relateNewOpportunityToCall
 has started]]>
    </line>
    <line>
      <![CDATA[ Test : SmokeTestSuite - Mobile tests - Test_relateNewOpportunityToCall
 has passed]]>
    </line>
    <line>
      <![CDATA[ Test : SmokeTestSuite - Mobile tests - Test_relateNewTaskToCall
 has started]]>
    </line>
    <line>
      <![CDATA[ Test : SmokeTestSuite - Mobile tests - Test_relateNewTaskToCall
 has passed]]>
    </line>
    <line>
      <![CDATA[ Test : SmokeTestSuite - Mobile tests - Test_unFavoriteCall
 has started]]>
    </line>
    <line>
      <![CDATA[ Test : SmokeTestSuite - Mobile tests - Test_unFavoriteCall
 has passed]]>
    </line>
    <line>
      <![CDATA[ Test : SmokeTestSuite - Mobile tests - Test_favoriteClient
 has started]]>
    </line>
    <line>
      <![CDATA[ Test : SmokeTestSuite - Mobile tests - Test_favoriteClient
 has passed]]>
    </line>
    <line>
      <![CDATA[ Test : SmokeTestSuite - Mobile tests - Test_linkCallToClient
 has started]]>
    </line>
    <line>
      <![CDATA[ Test : SmokeTestSuite - Mobile tests - Test_linkCallToClient
 has passed]]>
    </line>
    <line>
      <![CDATA[ Test : SmokeTestSuite - Mobile tests - Test_linkContactToClient
 has started]]>
    </line>
    <line>
      <![CDATA[ Test : SmokeTestSuite - Mobile tests - Test_linkContactToClient
 has passed]]>
    </line>
    <line>
      <![CDATA[ Test : SmokeTestSuite - Mobile tests - Test_linkMeetingToClient
 has started]]>
    </line>
    <line>
      <![CDATA[ Test : SmokeTestSuite - Mobile tests - Test_linkMeetingToClient
 has passed]]>
    </line>
    <line>
      <![CDATA[ Test : SmokeTestSuite - Mobile tests - Test_linkNoteToClient
 has started]]>
    </line>
    <line>
      <![CDATA[ Test : SmokeTestSuite - Mobile tests - Test_linkNoteToClient
 has passed]]>
    </line>
    <line>
      <![CDATA[ Test : SmokeTestSuite - Mobile tests - Test_linkTaskToClient
 has started]]>
    </line>
    <line>
      <![CDATA[ Test : SmokeTestSuite - Mobile tests - Test_linkTaskToClient
 has passed]]>
    </line>
    <line>
      <![CDATA[ Test : SmokeTestSuite - Mobile tests - Test_relateNewCallToClient
 has started]]>
    </line>
    <line>
      <![CDATA[ Test : SmokeTestSuite - Mobile tests - Test_relateNewCallToClient
 has passed]]>
    </line>
    <line>
      <![CDATA[ Test : SmokeTestSuite - Mobile tests - Test_relateNewContactToClient
 has started]]>
    </line>
    <line>
      <![CDATA[ Test : SmokeTestSuite - Mobile tests - Test_relateNewContactToClient
 has passed]]>
    </line>
    <line>
      <![CDATA[ Test : SmokeTestSuite - Mobile tests - Test_relateNewNoteToClient
 has started]]>
    </line>
    <line>
      <![CDATA[ Test : SmokeTestSuite - Mobile tests - Test_relateNewNoteToClient
 has passed]]>
    </line>
    <line>
      <![CDATA[ Test : SmokeTestSuite - Mobile tests - Test_relateNewOpportunityToClient
 has started]]>
    </line>
    <line>
      <![CDATA[ Test : SmokeTestSuite - Mobile tests - Test_relateNewOpportunityToClient
 has passed]]>
    </line>
    <line>
      <![CDATA[ Test : SmokeTestSuite - Mobile tests - Test_relateNewTaskToClient
 has started]]>
    </line>
    <line>
      <![CDATA[ Test : SmokeTestSuite - Mobile tests - Test_relateNewTaskToClient
 has passed]]>
    </line>
    <line>
      <![CDATA[ Test : SmokeTestSuite - Mobile tests - Test_unFavoriteClient
 has started]]>
    </line>
    <line>
      <![CDATA[ Test : SmokeTestSuite - Mobile tests - Test_unFavoriteClient
 has passed]]>
    </line>
    <line>
      <![CDATA[ Test : SmokeTestSuite - Mobile tests - Test_createContact
 has started]]>
    </line>
    <line>
      <![CDATA[ Test : SmokeTestSuite - Mobile tests - Test_createContact
 has passed]]>
    </line>
    <line>
      <![CDATA[ Test : SmokeTestSuite - Mobile tests - Test_deleteContact
 has started]]>
    </line>
    <line>
      <![CDATA[ Test : SmokeTestSuite - Mobile tests - Test_deleteContact
 has passed]]>
    </line>
    <line>
      <![CDATA[ Test : SmokeTestSuite - Mobile tests - Test_favoriteContact
 has started]]>
    </line>
    <line>
      <![CDATA[ Test : SmokeTestSuite - Mobile tests - Test_favoriteContact
 has passed]]>
    </line>
    <line>
      <![CDATA[ Test : SmokeTestSuite - Mobile tests - Test_linkCallToContact
 has started]]>
    </line>
    <line>
      <![CDATA[ Test : SmokeTestSuite - Mobile tests - Test_linkCallToContact
 has passed]]>
    </line>
    <line>
      <![CDATA[ Test : SmokeTestSuite - Mobile tests - Test_linkMeetingToContact
 has started]]>
    </line>
    <line>
      <![CDATA[ Test : SmokeTestSuite - Mobile tests - Test_linkMeetingToContact
 has passed]]>
    </line>
    <line>
      <![CDATA[ Test : SmokeTestSuite - Mobile tests - Test_linkOpportunityToContact
 has started]]>
    </line>
    <line>
      <![CDATA[ Test : SmokeTestSuite - Mobile tests - Test_linkOpportunityToContact
 has passed]]>
    </line>
    <line>
      <![CDATA[ Test : SmokeTestSuite - Mobile tests - Test_relateNewCallToContact
 has started]]>
    </line>
    <line>
      <![CDATA[ Test : SmokeTestSuite - Mobile tests - Test_relateNewCallToContact
 has passed]]>
    </line>
    <line>
      <![CDATA[ Test : SmokeTestSuite - Mobile tests - Test_relateNewOpportunityToContact
 has started]]>
    </line>
    <line>
      <![CDATA[ Test : SmokeTestSuite - Mobile tests - Test_relateNewOpportunityToContact
 has passed]]>
    </line>
    <line>
      <![CDATA[ Test : SmokeTestSuite - Mobile tests - Test_unFavoriteContact
 has started]]>
    </line>
    <line>
      <![CDATA[ Test : SmokeTestSuite - Mobile tests - Test_unFavoriteContact
 has passed]]>
    </line>
    <line>
      <![CDATA[ Test : SmokeTestSuite - Mobile tests - Test_logout
 has started]]>
    </line>
    <line>
      <![CDATA[ Test : SmokeTestSuite - Mobile tests - Test_logout
 has passed]]>
    </line>
    <line>
      <![CDATA[ Test : SmokeTestSuite - Mobile tests - Test_obtainLabels
 has started]]>
    </line>
    <line>
      <![CDATA[ Test : SmokeTestSuite - Mobile tests - Test_obtainLabels
 has passed]]>
    </line>
    <line>
      <![CDATA[ Test : SmokeTestSuite - Mobile tests - Test_obtainMe
 has started]]>
    </line>
    <line>
      <![CDATA[ Test : SmokeTestSuite - Mobile tests - Test_obtainMe
 has passed]]>
    </line>
    <line>
      <![CDATA[ Test : SmokeTestSuite - Mobile tests - Test_obtainMetadata
 has started]]>
    </line>
    <line>
      <![CDATA[ Test : SmokeTestSuite - Mobile tests - Test_obtainMetadata
 has passed]]>
    </line>
    <line>
      <![CDATA[ Test : SmokeTestSuite - Mobile tests - Test_createmeeting
 has started]]>
    </line>
    <line>
      <![CDATA[ Test : SmokeTestSuite - Mobile tests - Test_createmeeting
 has passed]]>
    </line>
    <line>
      <![CDATA[ Test : SmokeTestSuite - Mobile tests - Test_deletemeeting
 has started]]>
    </line>
    <line>
      <![CDATA[ Test : SmokeTestSuite - Mobile tests - Test_deletemeeting
 has passed]]>
    </line>
    <line>
      <![CDATA[ Test : SmokeTestSuite - Mobile tests - Test_editMeeting
 has started]]>
    </line>
    <line>
      <![CDATA[ Test : SmokeTestSuite - Mobile tests - Test_editMeeting
 has passed]]>
    </line>
    <line>
      <![CDATA[ Test : SmokeTestSuite - Mobile tests - Test_favoritemeeting
 has started]]>
    </line>
    <line>
      <![CDATA[ Test : SmokeTestSuite - Mobile tests - Test_favoritemeeting
 has passed]]>
    </line>
    <line>
      <![CDATA[ Test : SmokeTestSuite - Mobile tests - Test_linkClientToMeeting
 has started]]>
    </line>
    <line>
      <![CDATA[ Test : SmokeTestSuite - Mobile tests - Test_linkClientToMeeting
 has passed]]>
    </line>
    <line>
      <![CDATA[ Test : SmokeTestSuite - Mobile tests - Test_linkContactToMeeting
 has started]]>
    </line>
    <line>
      <![CDATA[ Test : SmokeTestSuite - Mobile tests - Test_linkContactToMeeting
 has passed]]>
    </line>
    <line>
      <![CDATA[ Test : SmokeTestSuite - Mobile tests - Test_linkOpportunityToMeeting
 has started]]>
    </line>
    <line>
      <![CDATA[ Test : SmokeTestSuite - Mobile tests - Test_linkOpportunityToMeeting
 has passed]]>
    </line>
    <line>
      <![CDATA[ Test : SmokeTestSuite - Mobile tests - Test_linkUserToMeeting
 has started]]>
    </line>
    <line>
      <![CDATA[ Test : SmokeTestSuite - Mobile tests - Test_linkUserToMeeting
 has passed]]>
    </line>
    <line>
      <![CDATA[ Test : SmokeTestSuite - Mobile tests - Test_relateNewContactToMeeting
 has started]]>
    </line>
    <line>
      <![CDATA[ Test : SmokeTestSuite - Mobile tests - Test_relateNewContactToMeeting
 has passed]]>
    </line>
    <line>
      <![CDATA[ Test : SmokeTestSuite - Mobile tests - Test_relateNewNoteToMeeting
 has started]]>
    </line>
    <line>
      <![CDATA[ Test : SmokeTestSuite - Mobile tests - Test_relateNewNoteToMeeting
 has passed]]>
    </line>
    <line>
      <![CDATA[ Test : SmokeTestSuite - Mobile tests - Test_relateNewOpportunityToMeeting
 has started]]>
    </line>
    <line>
      <![CDATA[ Test : SmokeTestSuite - Mobile tests - Test_relateNewOpportunityToMeeting
 has passed]]>
    </line>
    <line>
      <![CDATA[ Test : SmokeTestSuite - Mobile tests - Test_relateNewTaskToMeeting
 has started]]>
    </line>
    <line>
      <![CDATA[ Test : SmokeTestSuite - Mobile tests - Test_relateNewTaskToMeeting
 has passed]]>
    </line>
    <line>
      <![CDATA[ Test : SmokeTestSuite - Mobile tests - Test_unFavoritemeeting
 has started]]>
    </line>
    <line>
      <![CDATA[ Test : SmokeTestSuite - Mobile tests - Test_unFavoritemeeting
 has passed]]>
    </line>
    <line>
      <![CDATA[ Test : SmokeTestSuite - Mobile tests - Test_createNote
 has started]]>
    </line>
    <line>
      <![CDATA[ Test : SmokeTestSuite - Mobile tests - Test_createNote
 has passed]]>
    </line>
    <line>
      <![CDATA[ Test : SmokeTestSuite - Mobile tests - Test_deleteNote
 has started]]>
    </line>
    <line>
      <![CDATA[ Test : SmokeTestSuite - Mobile tests - Test_deleteNote
 has passed]]>
    </line>
    <line>
      <![CDATA[ Test : SmokeTestSuite - Mobile tests - Test_editNote
 has started]]>
    </line>
    <line>
      <![CDATA[ Test : SmokeTestSuite - Mobile tests - Test_editNote
 has passed]]>
    </line>
    <line>
      <![CDATA[ Test : SmokeTestSuite - Mobile tests - Test_favoriteNote
 has started]]>
    </line>
    <line>
      <![CDATA[ Test : SmokeTestSuite - Mobile tests - Test_favoriteNote
 has passed]]>
    </line>
    <line>
      <![CDATA[ Test : SmokeTestSuite - Mobile tests - Test_linkAdditionalAssigneeToNote
 has started]]>
    </line>
    <line>
      <![CDATA[ Test : SmokeTestSuite - Mobile tests - Test_linkAdditionalAssigneeToNote
 has passed]]>
    </line>
    <line>
      <![CDATA[ Test : SmokeTestSuite - Mobile tests - Test_linkClientToNote
 has started]]>
    </line>
    <line>
      <![CDATA[ Test : SmokeTestSuite - Mobile tests - Test_linkClientToNote
 has passed]]>
    </line>
    <line>
      <![CDATA[ Test : SmokeTestSuite - Mobile tests - Test_linkContactToNote
 has started]]>
    </line>
    <line>
      <![CDATA[ Test : SmokeTestSuite - Mobile tests - Test_linkContactToNote
 has passed]]>
    </line>
    <line>
      <![CDATA[ Test : SmokeTestSuite - Mobile tests - Test_linkOpportunityToNote
 has started]]>
    </line>
    <line>
      <![CDATA[ Test : SmokeTestSuite - Mobile tests - Test_linkOpportunityToNote
 has passed]]>
    </line>
    <line>
      <![CDATA[ Test : SmokeTestSuite - Mobile tests - Test_linkTaskToNote
 has started]]>
    </line>
    <line>
      <![CDATA[ Test : SmokeTestSuite - Mobile tests - Test_linkTaskToNote
 has passed]]>
    </line>
    <line>
      <![CDATA[ Test : SmokeTestSuite - Mobile tests - Test_relateNewContactToNote
 has started]]>
    </line>
    <line>
      <![CDATA[ Test : SmokeTestSuite - Mobile tests - Test_relateNewContactToNote
 has passed]]>
    </line>
    <line>
      <![CDATA[ Test : SmokeTestSuite - Mobile tests - Test_relateNewOpportunityToNote
 has started]]>
    </line>
    <line>
      <![CDATA[ Test : SmokeTestSuite - Mobile tests - Test_relateNewOpportunityToNote
 has passed]]>
    </line>
    <line>
      <![CDATA[ Test : SmokeTestSuite - Mobile tests - Test_relateNewTaskToNote
 has started]]>
    </line>
    <line>
      <![CDATA[ Test : SmokeTestSuite - Mobile tests - Test_relateNewTaskToNote
 has passed]]>
    </line>
    <line>
      <![CDATA[ Test : SmokeTestSuite - Mobile tests - Test_unFavoriteNote
 has started]]>
    </line>
    <line>
      <![CDATA[ Test : SmokeTestSuite - Mobile tests - Test_unFavoriteNote
 has passed]]>
    </line>
    <line>
      <![CDATA[ Test : SmokeTestSuite - Mobile tests - Test_createOpportunity
 has started]]>
    </line>
    <line>
      <![CDATA[ Test : SmokeTestSuite - Mobile tests - Test_createOpportunity
 has passed]]>
    </line>
    <line>
      <![CDATA[ Test : SmokeTestSuite - Mobile tests - Test_editOpportunity
 has started]]>
    </line>
    <line>
      <![CDATA[ Test : SmokeTestSuite - Mobile tests - Test_editOpportunity
 has passed]]>
    </line>
    <line>
      <![CDATA[ Test : SmokeTestSuite - Mobile tests - Test_favoriteOpportunity
 has started]]>
    </line>
    <line>
      <![CDATA[ Test : SmokeTestSuite - Mobile tests - Test_favoriteOpportunity
 has passed]]>
    </line>
    <line>
      <![CDATA[ Test : SmokeTestSuite - Mobile tests - Test_linkCallToOpportunity
 has started]]>
    </line>
    <line>
      <![CDATA[ Test : SmokeTestSuite - Mobile tests - Test_linkCallToOpportunity
 has passed]]>
    </line>
    <line>
      <![CDATA[ Test : SmokeTestSuite - Mobile tests - Test_linkContactToOpportunity
 has started]]>
    </line>
    <line>
      <![CDATA[ Test : SmokeTestSuite - Mobile tests - Test_linkContactToOpportunity
 has passed]]>
    </line>
    <line>
      <![CDATA[ Test : SmokeTestSuite - Mobile tests - Test_linkNoteToOpportunity
 has started]]>
    </line>
    <line>
      <![CDATA[ Test : SmokeTestSuite - Mobile tests - Test_linkNoteToOpportunity
 has passed]]>
    </line>
    <line>
      <![CDATA[ Test : SmokeTestSuite - Mobile tests - Test_linkTaskToOpportunity
 has started]]>
    </line>
    <line>
      <![CDATA[ Test : SmokeTestSuite - Mobile tests - Test_linkTaskToOpportunity
 has passed]]>
    </line>
    <line>
      <![CDATA[ Test : SmokeTestSuite - Mobile tests - Test_relateNewCallToOpportunity
 has started]]>
    </line>
    <line>
      <![CDATA[ Test : SmokeTestSuite - Mobile tests - Test_relateNewCallToOpportunity
 has passed]]>
    </line>
    <line>
      <![CDATA[ Test : SmokeTestSuite - Mobile tests - Test_relateNewContactToOpportunity
 has started]]>
    </line>
    <line>
      <![CDATA[ Test : SmokeTestSuite - Mobile tests - Test_relateNewContactToOpportunity
 has passed]]>
    </line>
    <line>
      <![CDATA[ Test : SmokeTestSuite - Mobile tests - Test_relateNewLineItemToOpportunity
 has started]]>
    </line>
    <line>
      <![CDATA[ Test : SmokeTestSuite - Mobile tests - Test_relateNewLineItemToOpportunity
 has passed]]>
    </line>
    <line>
      <![CDATA[ Test : SmokeTestSuite - Mobile tests - Test_relateNewNoteToOpportunity
 has started]]>
    </line>
    <line>
      <![CDATA[ Test : SmokeTestSuite - Mobile tests - Test_relateNewNoteToOpportunity
 has passed]]>
    </line>
    <line>
      <![CDATA[ Test : SmokeTestSuite - Mobile tests - Test_relateNewTaskToOpportunity
 has started]]>
    </line>
    <line>
      <![CDATA[ Test : SmokeTestSuite - Mobile tests - Test_relateNewTaskToOpportunity
 has passed]]>
    </line>
    <line>
      <![CDATA[ Test : SmokeTestSuite - Mobile tests - Test_unFavoriteOpportunity
 has started]]>
    </line>
    <line>
      <![CDATA[ Test : SmokeTestSuite - Mobile tests - Test_unFavoriteOpportunity
 has passed]]>
    </line>
    <line>
      <![CDATA[ Test : SmokeTestSuite - Mobile tests - Test_createTask
 has started]]>
    </line>
    <line>
      <![CDATA[ Test : SmokeTestSuite - Mobile tests - Test_createTask
 has passed]]>
    </line>
    <line>
      <![CDATA[ Test : SmokeTestSuite - Mobile tests - Test_deleteTask
 has started]]>
    </line>
    <line>
      <![CDATA[ Test : SmokeTestSuite - Mobile tests - Test_deleteTask
 has passed]]>
    </line>
    <line>
      <![CDATA[ Test : SmokeTestSuite - Mobile tests - Test_editTask
 has started]]>
    </line>
    <line>
      <![CDATA[ Test : SmokeTestSuite - Mobile tests - Test_editTask
 has passed]]>
    </line>
    <line>
      <![CDATA[ Test : SmokeTestSuite - Mobile tests - Test_favoriteTask
 has started]]>
    </line>
    <line>
      <![CDATA[ Test : SmokeTestSuite - Mobile tests - Test_favoriteTask
 has passed]]>
    </line>
    <line>
      <![CDATA[ Test : SmokeTestSuite - Mobile tests - Test_linkAdditionalAssigneeToTask
 has started]]>
    </line>
    <line>
      <![CDATA[ Test : SmokeTestSuite - Mobile tests - Test_linkAdditionalAssigneeToTask
 has passed]]>
    </line>
    <line>
      <![CDATA[ Test : SmokeTestSuite - Mobile tests - Test_linkCallToTask
 has started]]>
    </line>
    <line>
      <![CDATA[ Test : SmokeTestSuite - Mobile tests - Test_linkCallToTask
 has passed]]>
    </line>
    <line>
      <![CDATA[ Test : SmokeTestSuite - Mobile tests - Test_linkClientToTask
 has started]]>
    </line>
    <line>
      <![CDATA[ Test : SmokeTestSuite - Mobile tests - Test_linkClientToTask
 has passed]]>
    </line>
    <line>
      <![CDATA[ Test : SmokeTestSuite - Mobile tests - Test_linkContactToTask
 has started]]>
    </line>
    <line>
      <![CDATA[ Test : SmokeTestSuite - Mobile tests - Test_linkContactToTask
 has passed]]>
    </line>
    <line>
      <![CDATA[ Test : SmokeTestSuite - Mobile tests - Test_linkNoteToTask
 has started]]>
    </line>
    <line>
      <![CDATA[ Test : SmokeTestSuite - Mobile tests - Test_linkNoteToTask
 has passed]]>
    </line>
    <line>
      <![CDATA[ Test : SmokeTestSuite - Mobile tests - Test_linkOpportunityToTask
 has started]]>
    </line>
    <line>
      <![CDATA[ Test : SmokeTestSuite - Mobile tests - Test_linkOpportunityToTask
 has passed]]>
    </line>
    <line>
      <![CDATA[ Test : SmokeTestSuite - Mobile tests - Test_linkTaskToTask
 has started]]>
    </line>
    <line>
      <![CDATA[ Test : SmokeTestSuite - Mobile tests - Test_linkTaskToTask
 has passed]]>
    </line>
    <line>
      <![CDATA[ Test : SmokeTestSuite - Mobile tests - Test_relateNewContactToTask
 has started]]>
    </line>
    <line>
      <![CDATA[ Test : SmokeTestSuite - Mobile tests - Test_relateNewContactToTask
 has passed]]>
    </line>
    <line>
      <![CDATA[ Test : SmokeTestSuite - Mobile tests - Test_relateNewNoteToTask
 has started]]>
    </line>
    <line>
      <![CDATA[ Test : SmokeTestSuite - Mobile tests - Test_relateNewNoteToTask
 has passed]]>
    </line>
    <line>
      <![CDATA[ Test : SmokeTestSuite - Mobile tests - Test_relateNewOpportunityToTask
 has started]]>
    </line>
    <line>
      <![CDATA[ Test : SmokeTestSuite - Mobile tests - Test_relateNewOpportunityToTask
 has passed]]>
    </line>
    <line>
      <![CDATA[ Test : SmokeTestSuite - Mobile tests - Test_relateNewTaskToTask
 has started]]>
    </line>
    <line>
      <![CDATA[ Test : SmokeTestSuite - Mobile tests - Test_relateNewTaskToTask
 has passed]]>
    </line>
    <line>
      <![CDATA[ Test : SmokeTestSuite - Mobile tests - Test_unFavoriteTask
 has started]]>
    </line>
    <line>
      <![CDATA[ Test : SmokeTestSuite - Mobile tests - Test_unFavoriteTask
 has passed]]>
    </line>
  </reporter-output>
  <suite name="SmokeTestSuite" duration-ms="786339" started-at="2016-02-26T07:42:21Z" finished-at="2016-02-26T07:55:28Z">
    <groups>
      <group name="MOBILE">
        <method signature="CallRestAPITests.Test_createCall()[pri:0, instance:com.ibm.salesconnect.test.mobile.CallRestAPITests@57177af9]" name="Test_createCall" class="com.ibm.salesconnect.test.mobile.CallRestAPITests"/>
        <method signature="CallRestAPITests.Test_deleteCall()[pri:0, instance:com.ibm.salesconnect.test.mobile.CallRestAPITests@57177af9]" name="Test_deleteCall" class="com.ibm.salesconnect.test.mobile.CallRestAPITests"/>
        <method signature="CallRestAPITests.Test_editCall()[pri:0, instance:com.ibm.salesconnect.test.mobile.CallRestAPITests@57177af9]" name="Test_editCall" class="com.ibm.salesconnect.test.mobile.CallRestAPITests"/>
        <method signature="CallRestAPITests.Test_favoriteCall()[pri:0, instance:com.ibm.salesconnect.test.mobile.CallRestAPITests@57177af9]" name="Test_favoriteCall" class="com.ibm.salesconnect.test.mobile.CallRestAPITests"/>
        <method signature="CallRestAPITests.Test_linkAdditionalAssigneeToCall()[pri:0, instance:com.ibm.salesconnect.test.mobile.CallRestAPITests@57177af9]" name="Test_linkAdditionalAssigneeToCall" class="com.ibm.salesconnect.test.mobile.CallRestAPITests"/>
        <method signature="CallRestAPITests.Test_linkContactToCall()[pri:0, instance:com.ibm.salesconnect.test.mobile.CallRestAPITests@57177af9]" name="Test_linkContactToCall" class="com.ibm.salesconnect.test.mobile.CallRestAPITests"/>
        <method signature="CallRestAPITests.Test_linkNoteToCall()[pri:0, instance:com.ibm.salesconnect.test.mobile.CallRestAPITests@57177af9]" name="Test_linkNoteToCall" class="com.ibm.salesconnect.test.mobile.CallRestAPITests"/>
        <method signature="CallRestAPITests.Test_linkOpportunityToCall()[pri:0, instance:com.ibm.salesconnect.test.mobile.CallRestAPITests@57177af9]" name="Test_linkOpportunityToCall" class="com.ibm.salesconnect.test.mobile.CallRestAPITests"/>
        <method signature="CallRestAPITests.Test_linkTaskToCall()[pri:0, instance:com.ibm.salesconnect.test.mobile.CallRestAPITests@57177af9]" name="Test_linkTaskToCall" class="com.ibm.salesconnect.test.mobile.CallRestAPITests"/>
        <method signature="CallRestAPITests.Test_linkUserToCall()[pri:0, instance:com.ibm.salesconnect.test.mobile.CallRestAPITests@57177af9]" name="Test_linkUserToCall" class="com.ibm.salesconnect.test.mobile.CallRestAPITests"/>
        <method signature="CallRestAPITests.Test_relateNewContactToCall()[pri:0, instance:com.ibm.salesconnect.test.mobile.CallRestAPITests@57177af9]" name="Test_relateNewContactToCall" class="com.ibm.salesconnect.test.mobile.CallRestAPITests"/>
        <method signature="CallRestAPITests.Test_relateNewNoteToCall()[pri:0, instance:com.ibm.salesconnect.test.mobile.CallRestAPITests@57177af9]" name="Test_relateNewNoteToCall" class="com.ibm.salesconnect.test.mobile.CallRestAPITests"/>
        <method signature="CallRestAPITests.Test_relateNewOpportunityToCall()[pri:0, instance:com.ibm.salesconnect.test.mobile.CallRestAPITests@57177af9]" name="Test_relateNewOpportunityToCall" class="com.ibm.salesconnect.test.mobile.CallRestAPITests"/>
        <method signature="CallRestAPITests.Test_relateNewTaskToCall()[pri:0, instance:com.ibm.salesconnect.test.mobile.CallRestAPITests@57177af9]" name="Test_relateNewTaskToCall" class="com.ibm.salesconnect.test.mobile.CallRestAPITests"/>
        <method signature="CallRestAPITests.Test_unFavoriteCall()[pri:0, instance:com.ibm.salesconnect.test.mobile.CallRestAPITests@57177af9]" name="Test_unFavoriteCall" class="com.ibm.salesconnect.test.mobile.CallRestAPITests"/>
        <method signature="ClientRestAPITests.Test_favoriteClient()[pri:0, instance:com.ibm.salesconnect.test.mobile.ClientRestAPITests@468a9e1a]" name="Test_favoriteClient" class="com.ibm.salesconnect.test.mobile.ClientRestAPITests"/>
        <method signature="ClientRestAPITests.Test_linkCallToClient()[pri:0, instance:com.ibm.salesconnect.test.mobile.ClientRestAPITests@468a9e1a]" name="Test_linkCallToClient" class="com.ibm.salesconnect.test.mobile.ClientRestAPITests"/>
        <method signature="ClientRestAPITests.Test_linkContactToClient()[pri:0, instance:com.ibm.salesconnect.test.mobile.ClientRestAPITests@468a9e1a]" name="Test_linkContactToClient" class="com.ibm.salesconnect.test.mobile.ClientRestAPITests"/>
        <method signature="ClientRestAPITests.Test_linkMeetingToClient()[pri:0, instance:com.ibm.salesconnect.test.mobile.ClientRestAPITests@468a9e1a]" name="Test_linkMeetingToClient" class="com.ibm.salesconnect.test.mobile.ClientRestAPITests"/>
        <method signature="ClientRestAPITests.Test_linkNoteToClient()[pri:0, instance:com.ibm.salesconnect.test.mobile.ClientRestAPITests@468a9e1a]" name="Test_linkNoteToClient" class="com.ibm.salesconnect.test.mobile.ClientRestAPITests"/>
        <method signature="ClientRestAPITests.Test_linkTaskToClient()[pri:0, instance:com.ibm.salesconnect.test.mobile.ClientRestAPITests@468a9e1a]" name="Test_linkTaskToClient" class="com.ibm.salesconnect.test.mobile.ClientRestAPITests"/>
        <method signature="ClientRestAPITests.Test_relateNewCallToClient()[pri:0, instance:com.ibm.salesconnect.test.mobile.ClientRestAPITests@468a9e1a]" name="Test_relateNewCallToClient" class="com.ibm.salesconnect.test.mobile.ClientRestAPITests"/>
        <method signature="ClientRestAPITests.Test_relateNewContactToClient()[pri:0, instance:com.ibm.salesconnect.test.mobile.ClientRestAPITests@468a9e1a]" name="Test_relateNewContactToClient" class="com.ibm.salesconnect.test.mobile.ClientRestAPITests"/>
        <method signature="ClientRestAPITests.Test_relateNewNoteToClient()[pri:0, instance:com.ibm.salesconnect.test.mobile.ClientRestAPITests@468a9e1a]" name="Test_relateNewNoteToClient" class="com.ibm.salesconnect.test.mobile.ClientRestAPITests"/>
        <method signature="ClientRestAPITests.Test_relateNewOpportunityToClient()[pri:0, instance:com.ibm.salesconnect.test.mobile.ClientRestAPITests@468a9e1a]" name="Test_relateNewOpportunityToClient" class="com.ibm.salesconnect.test.mobile.ClientRestAPITests"/>
        <method signature="ClientRestAPITests.Test_relateNewTaskToClient()[pri:0, instance:com.ibm.salesconnect.test.mobile.ClientRestAPITests@468a9e1a]" name="Test_relateNewTaskToClient" class="com.ibm.salesconnect.test.mobile.ClientRestAPITests"/>
        <method signature="ClientRestAPITests.Test_unFavoriteClient()[pri:0, instance:com.ibm.salesconnect.test.mobile.ClientRestAPITests@468a9e1a]" name="Test_unFavoriteClient" class="com.ibm.salesconnect.test.mobile.ClientRestAPITests"/>
        <method signature="ContactRestAPITests.Test_createContact()[pri:0, instance:com.ibm.salesconnect.test.mobile.ContactRestAPITests@23541e79]" name="Test_createContact" class="com.ibm.salesconnect.test.mobile.ContactRestAPITests"/>
        <method signature="ContactRestAPITests.Test_deleteContact()[pri:0, instance:com.ibm.salesconnect.test.mobile.ContactRestAPITests@23541e79]" name="Test_deleteContact" class="com.ibm.salesconnect.test.mobile.ContactRestAPITests"/>
        <method signature="ContactRestAPITests.Test_favoriteContact()[pri:0, instance:com.ibm.salesconnect.test.mobile.ContactRestAPITests@23541e79]" name="Test_favoriteContact" class="com.ibm.salesconnect.test.mobile.ContactRestAPITests"/>
        <method signature="ContactRestAPITests.Test_linkCallToContact()[pri:0, instance:com.ibm.salesconnect.test.mobile.ContactRestAPITests@23541e79]" name="Test_linkCallToContact" class="com.ibm.salesconnect.test.mobile.ContactRestAPITests"/>
        <method signature="ContactRestAPITests.Test_linkMeetingToContact()[pri:0, instance:com.ibm.salesconnect.test.mobile.ContactRestAPITests@23541e79]" name="Test_linkMeetingToContact" class="com.ibm.salesconnect.test.mobile.ContactRestAPITests"/>
        <method signature="ContactRestAPITests.Test_linkOpportunityToContact()[pri:0, instance:com.ibm.salesconnect.test.mobile.ContactRestAPITests@23541e79]" name="Test_linkOpportunityToContact" class="com.ibm.salesconnect.test.mobile.ContactRestAPITests"/>
        <method signature="ContactRestAPITests.Test_relateNewCallToContact()[pri:0, instance:com.ibm.salesconnect.test.mobile.ContactRestAPITests@23541e79]" name="Test_relateNewCallToContact" class="com.ibm.salesconnect.test.mobile.ContactRestAPITests"/>
        <method signature="ContactRestAPITests.Test_relateNewOpportunityToContact()[pri:0, instance:com.ibm.salesconnect.test.mobile.ContactRestAPITests@23541e79]" name="Test_relateNewOpportunityToContact" class="com.ibm.salesconnect.test.mobile.ContactRestAPITests"/>
        <method signature="ContactRestAPITests.Test_unFavoriteContact()[pri:0, instance:com.ibm.salesconnect.test.mobile.ContactRestAPITests@23541e79]" name="Test_unFavoriteContact" class="com.ibm.salesconnect.test.mobile.ContactRestAPITests"/>
        <method signature="LoginRestAPITests.Test_logout()[pri:0, instance:com.ibm.salesconnect.test.mobile.LoginRestAPITests@5ee3be9f]" name="Test_logout" class="com.ibm.salesconnect.test.mobile.LoginRestAPITests"/>
        <method signature="LoginRestAPITests.Test_obtainLabels()[pri:0, instance:com.ibm.salesconnect.test.mobile.LoginRestAPITests@5ee3be9f]" name="Test_obtainLabels" class="com.ibm.salesconnect.test.mobile.LoginRestAPITests"/>
        <method signature="LoginRestAPITests.Test_obtainMe()[pri:0, instance:com.ibm.salesconnect.test.mobile.LoginRestAPITests@5ee3be9f]" name="Test_obtainMe" class="com.ibm.salesconnect.test.mobile.LoginRestAPITests"/>
        <method signature="LoginRestAPITests.Test_obtainMetadata()[pri:0, instance:com.ibm.salesconnect.test.mobile.LoginRestAPITests@5ee3be9f]" name="Test_obtainMetadata" class="com.ibm.salesconnect.test.mobile.LoginRestAPITests"/>
        <method signature="MeetingRestAPITests.Test_createmeeting()[pri:0, instance:com.ibm.salesconnect.test.mobile.MeetingRestAPITests@3691e124]" name="Test_createmeeting" class="com.ibm.salesconnect.test.mobile.MeetingRestAPITests"/>
        <method signature="MeetingRestAPITests.Test_deletemeeting()[pri:0, instance:com.ibm.salesconnect.test.mobile.MeetingRestAPITests@3691e124]" name="Test_deletemeeting" class="com.ibm.salesconnect.test.mobile.MeetingRestAPITests"/>
        <method signature="MeetingRestAPITests.Test_editMeeting()[pri:0, instance:com.ibm.salesconnect.test.mobile.MeetingRestAPITests@3691e124]" name="Test_editMeeting" class="com.ibm.salesconnect.test.mobile.MeetingRestAPITests"/>
        <method signature="MeetingRestAPITests.Test_favoritemeeting()[pri:0, instance:com.ibm.salesconnect.test.mobile.MeetingRestAPITests@3691e124]" name="Test_favoritemeeting" class="com.ibm.salesconnect.test.mobile.MeetingRestAPITests"/>
        <method signature="MeetingRestAPITests.Test_linkClientToMeeting()[pri:0, instance:com.ibm.salesconnect.test.mobile.MeetingRestAPITests@3691e124]" name="Test_linkClientToMeeting" class="com.ibm.salesconnect.test.mobile.MeetingRestAPITests"/>
        <method signature="MeetingRestAPITests.Test_linkContactToMeeting()[pri:0, instance:com.ibm.salesconnect.test.mobile.MeetingRestAPITests@3691e124]" name="Test_linkContactToMeeting" class="com.ibm.salesconnect.test.mobile.MeetingRestAPITests"/>
        <method signature="MeetingRestAPITests.Test_linkOpportunityToMeeting()[pri:0, instance:com.ibm.salesconnect.test.mobile.MeetingRestAPITests@3691e124]" name="Test_linkOpportunityToMeeting" class="com.ibm.salesconnect.test.mobile.MeetingRestAPITests"/>
        <method signature="MeetingRestAPITests.Test_linkUserToMeeting()[pri:0, instance:com.ibm.salesconnect.test.mobile.MeetingRestAPITests@3691e124]" name="Test_linkUserToMeeting" class="com.ibm.salesconnect.test.mobile.MeetingRestAPITests"/>
        <method signature="MeetingRestAPITests.Test_relateNewContactToMeeting()[pri:0, instance:com.ibm.salesconnect.test.mobile.MeetingRestAPITests@3691e124]" name="Test_relateNewContactToMeeting" class="com.ibm.salesconnect.test.mobile.MeetingRestAPITests"/>
        <method signature="MeetingRestAPITests.Test_relateNewNoteToMeeting()[pri:0, instance:com.ibm.salesconnect.test.mobile.MeetingRestAPITests@3691e124]" name="Test_relateNewNoteToMeeting" class="com.ibm.salesconnect.test.mobile.MeetingRestAPITests"/>
        <method signature="MeetingRestAPITests.Test_relateNewOpportunityToMeeting()[pri:0, instance:com.ibm.salesconnect.test.mobile.MeetingRestAPITests@3691e124]" name="Test_relateNewOpportunityToMeeting" class="com.ibm.salesconnect.test.mobile.MeetingRestAPITests"/>
        <method signature="MeetingRestAPITests.Test_relateNewTaskToMeeting()[pri:0, instance:com.ibm.salesconnect.test.mobile.MeetingRestAPITests@3691e124]" name="Test_relateNewTaskToMeeting" class="com.ibm.salesconnect.test.mobile.MeetingRestAPITests"/>
        <method signature="MeetingRestAPITests.Test_unFavoritemeeting()[pri:0, instance:com.ibm.salesconnect.test.mobile.MeetingRestAPITests@3691e124]" name="Test_unFavoritemeeting" class="com.ibm.salesconnect.test.mobile.MeetingRestAPITests"/>
        <method signature="NoteRestAPITests.Test_createNote()[pri:0, instance:com.ibm.salesconnect.test.mobile.NoteRestAPITests@679cac0d]" name="Test_createNote" class="com.ibm.salesconnect.test.mobile.NoteRestAPITests"/>
        <method signature="NoteRestAPITests.Test_deleteNote()[pri:0, instance:com.ibm.salesconnect.test.mobile.NoteRestAPITests@679cac0d]" name="Test_deleteNote" class="com.ibm.salesconnect.test.mobile.NoteRestAPITests"/>
        <method signature="NoteRestAPITests.Test_editNote()[pri:0, instance:com.ibm.salesconnect.test.mobile.NoteRestAPITests@679cac0d]" name="Test_editNote" class="com.ibm.salesconnect.test.mobile.NoteRestAPITests"/>
        <method signature="NoteRestAPITests.Test_favoriteNote()[pri:0, instance:com.ibm.salesconnect.test.mobile.NoteRestAPITests@679cac0d]" name="Test_favoriteNote" class="com.ibm.salesconnect.test.mobile.NoteRestAPITests"/>
        <method signature="NoteRestAPITests.Test_linkAdditionalAssigneeToNote()[pri:0, instance:com.ibm.salesconnect.test.mobile.NoteRestAPITests@679cac0d]" name="Test_linkAdditionalAssigneeToNote" class="com.ibm.salesconnect.test.mobile.NoteRestAPITests"/>
        <method signature="NoteRestAPITests.Test_linkClientToNote()[pri:0, instance:com.ibm.salesconnect.test.mobile.NoteRestAPITests@679cac0d]" name="Test_linkClientToNote" class="com.ibm.salesconnect.test.mobile.NoteRestAPITests"/>
        <method signature="NoteRestAPITests.Test_linkContactToNote()[pri:0, instance:com.ibm.salesconnect.test.mobile.NoteRestAPITests@679cac0d]" name="Test_linkContactToNote" class="com.ibm.salesconnect.test.mobile.NoteRestAPITests"/>
        <method signature="NoteRestAPITests.Test_linkOpportunityToNote()[pri:0, instance:com.ibm.salesconnect.test.mobile.NoteRestAPITests@679cac0d]" name="Test_linkOpportunityToNote" class="com.ibm.salesconnect.test.mobile.NoteRestAPITests"/>
        <method signature="NoteRestAPITests.Test_linkTaskToNote()[pri:0, instance:com.ibm.salesconnect.test.mobile.NoteRestAPITests@679cac0d]" name="Test_linkTaskToNote" class="com.ibm.salesconnect.test.mobile.NoteRestAPITests"/>
        <method signature="NoteRestAPITests.Test_relateNewContactToNote()[pri:0, instance:com.ibm.salesconnect.test.mobile.NoteRestAPITests@679cac0d]" name="Test_relateNewContactToNote" class="com.ibm.salesconnect.test.mobile.NoteRestAPITests"/>
        <method signature="NoteRestAPITests.Test_relateNewOpportunityToNote()[pri:0, instance:com.ibm.salesconnect.test.mobile.NoteRestAPITests@679cac0d]" name="Test_relateNewOpportunityToNote" class="com.ibm.salesconnect.test.mobile.NoteRestAPITests"/>
        <method signature="NoteRestAPITests.Test_relateNewTaskToNote()[pri:0, instance:com.ibm.salesconnect.test.mobile.NoteRestAPITests@679cac0d]" name="Test_relateNewTaskToNote" class="com.ibm.salesconnect.test.mobile.NoteRestAPITests"/>
        <method signature="NoteRestAPITests.Test_unFavoriteNote()[pri:0, instance:com.ibm.salesconnect.test.mobile.NoteRestAPITests@679cac0d]" name="Test_unFavoriteNote" class="com.ibm.salesconnect.test.mobile.NoteRestAPITests"/>
        <method signature="OpportunityRestApiTests.Test_createOpportunity()[pri:0, instance:com.ibm.salesconnect.test.mobile.OpportunityRestApiTests@5e232be7]" name="Test_createOpportunity" class="com.ibm.salesconnect.test.mobile.OpportunityRestApiTests"/>
        <method signature="OpportunityRestApiTests.Test_editOpportunity()[pri:0, instance:com.ibm.salesconnect.test.mobile.OpportunityRestApiTests@5e232be7]" name="Test_editOpportunity" class="com.ibm.salesconnect.test.mobile.OpportunityRestApiTests"/>
        <method signature="OpportunityRestApiTests.Test_favoriteOpportunity()[pri:0, instance:com.ibm.salesconnect.test.mobile.OpportunityRestApiTests@5e232be7]" name="Test_favoriteOpportunity" class="com.ibm.salesconnect.test.mobile.OpportunityRestApiTests"/>
        <method signature="OpportunityRestApiTests.Test_linkCallToOpportunity()[pri:0, instance:com.ibm.salesconnect.test.mobile.OpportunityRestApiTests@5e232be7]" name="Test_linkCallToOpportunity" class="com.ibm.salesconnect.test.mobile.OpportunityRestApiTests"/>
        <method signature="OpportunityRestApiTests.Test_linkContactToOpportunity()[pri:0, instance:com.ibm.salesconnect.test.mobile.OpportunityRestApiTests@5e232be7]" name="Test_linkContactToOpportunity" class="com.ibm.salesconnect.test.mobile.OpportunityRestApiTests"/>
        <method signature="OpportunityRestApiTests.Test_linkNoteToOpportunity()[pri:0, instance:com.ibm.salesconnect.test.mobile.OpportunityRestApiTests@5e232be7]" name="Test_linkNoteToOpportunity" class="com.ibm.salesconnect.test.mobile.OpportunityRestApiTests"/>
        <method signature="OpportunityRestApiTests.Test_linkTaskToOpportunity()[pri:0, instance:com.ibm.salesconnect.test.mobile.OpportunityRestApiTests@5e232be7]" name="Test_linkTaskToOpportunity" class="com.ibm.salesconnect.test.mobile.OpportunityRestApiTests"/>
        <method signature="OpportunityRestApiTests.Test_relateNewCallToOpportunity()[pri:0, instance:com.ibm.salesconnect.test.mobile.OpportunityRestApiTests@5e232be7]" name="Test_relateNewCallToOpportunity" class="com.ibm.salesconnect.test.mobile.OpportunityRestApiTests"/>
        <method signature="OpportunityRestApiTests.Test_relateNewContactToOpportunity()[pri:0, instance:com.ibm.salesconnect.test.mobile.OpportunityRestApiTests@5e232be7]" name="Test_relateNewContactToOpportunity" class="com.ibm.salesconnect.test.mobile.OpportunityRestApiTests"/>
        <method signature="OpportunityRestApiTests.Test_relateNewLineItemToOpportunity()[pri:0, instance:com.ibm.salesconnect.test.mobile.OpportunityRestApiTests@5e232be7]" name="Test_relateNewLineItemToOpportunity" class="com.ibm.salesconnect.test.mobile.OpportunityRestApiTests"/>
        <method signature="OpportunityRestApiTests.Test_relateNewNoteToOpportunity()[pri:0, instance:com.ibm.salesconnect.test.mobile.OpportunityRestApiTests@5e232be7]" name="Test_relateNewNoteToOpportunity" class="com.ibm.salesconnect.test.mobile.OpportunityRestApiTests"/>
        <method signature="OpportunityRestApiTests.Test_relateNewTaskToOpportunity()[pri:0, instance:com.ibm.salesconnect.test.mobile.OpportunityRestApiTests@5e232be7]" name="Test_relateNewTaskToOpportunity" class="com.ibm.salesconnect.test.mobile.OpportunityRestApiTests"/>
        <method signature="OpportunityRestApiTests.Test_unFavoriteOpportunity()[pri:0, instance:com.ibm.salesconnect.test.mobile.OpportunityRestApiTests@5e232be7]" name="Test_unFavoriteOpportunity" class="com.ibm.salesconnect.test.mobile.OpportunityRestApiTests"/>
        <method signature="TaskRestAPITests.Test_createTask()[pri:0, instance:com.ibm.salesconnect.test.mobile.TaskRestAPITests@44fb1c22]" name="Test_createTask" class="com.ibm.salesconnect.test.mobile.TaskRestAPITests"/>
        <method signature="TaskRestAPITests.Test_deleteTask()[pri:0, instance:com.ibm.salesconnect.test.mobile.TaskRestAPITests@44fb1c22]" name="Test_deleteTask" class="com.ibm.salesconnect.test.mobile.TaskRestAPITests"/>
        <method signature="TaskRestAPITests.Test_editTask()[pri:0, instance:com.ibm.salesconnect.test.mobile.TaskRestAPITests@44fb1c22]" name="Test_editTask" class="com.ibm.salesconnect.test.mobile.TaskRestAPITests"/>
        <method signature="TaskRestAPITests.Test_favoriteTask()[pri:0, instance:com.ibm.salesconnect.test.mobile.TaskRestAPITests@44fb1c22]" name="Test_favoriteTask" class="com.ibm.salesconnect.test.mobile.TaskRestAPITests"/>
        <method signature="TaskRestAPITests.Test_linkAdditionalAssigneeToTask()[pri:0, instance:com.ibm.salesconnect.test.mobile.TaskRestAPITests@44fb1c22]" name="Test_linkAdditionalAssigneeToTask" class="com.ibm.salesconnect.test.mobile.TaskRestAPITests"/>
        <method signature="TaskRestAPITests.Test_linkCallToTask()[pri:0, instance:com.ibm.salesconnect.test.mobile.TaskRestAPITests@44fb1c22]" name="Test_linkCallToTask" class="com.ibm.salesconnect.test.mobile.TaskRestAPITests"/>
        <method signature="TaskRestAPITests.Test_linkClientToTask()[pri:0, instance:com.ibm.salesconnect.test.mobile.TaskRestAPITests@44fb1c22]" name="Test_linkClientToTask" class="com.ibm.salesconnect.test.mobile.TaskRestAPITests"/>
        <method signature="TaskRestAPITests.Test_linkContactToTask()[pri:0, instance:com.ibm.salesconnect.test.mobile.TaskRestAPITests@44fb1c22]" name="Test_linkContactToTask" class="com.ibm.salesconnect.test.mobile.TaskRestAPITests"/>
        <method signature="TaskRestAPITests.Test_linkNoteToTask()[pri:0, instance:com.ibm.salesconnect.test.mobile.TaskRestAPITests@44fb1c22]" name="Test_linkNoteToTask" class="com.ibm.salesconnect.test.mobile.TaskRestAPITests"/>
        <method signature="TaskRestAPITests.Test_linkOpportunityToTask()[pri:0, instance:com.ibm.salesconnect.test.mobile.TaskRestAPITests@44fb1c22]" name="Test_linkOpportunityToTask" class="com.ibm.salesconnect.test.mobile.TaskRestAPITests"/>
        <method signature="TaskRestAPITests.Test_linkTaskToTask()[pri:0, instance:com.ibm.salesconnect.test.mobile.TaskRestAPITests@44fb1c22]" name="Test_linkTaskToTask" class="com.ibm.salesconnect.test.mobile.TaskRestAPITests"/>
        <method signature="TaskRestAPITests.Test_relateNewContactToTask()[pri:0, instance:com.ibm.salesconnect.test.mobile.TaskRestAPITests@44fb1c22]" name="Test_relateNewContactToTask" class="com.ibm.salesconnect.test.mobile.TaskRestAPITests"/>
        <method signature="TaskRestAPITests.Test_relateNewNoteToTask()[pri:0, instance:com.ibm.salesconnect.test.mobile.TaskRestAPITests@44fb1c22]" name="Test_relateNewNoteToTask" class="com.ibm.salesconnect.test.mobile.TaskRestAPITests"/>
        <method signature="TaskRestAPITests.Test_relateNewOpportunityToTask()[pri:0, instance:com.ibm.salesconnect.test.mobile.TaskRestAPITests@44fb1c22]" name="Test_relateNewOpportunityToTask" class="com.ibm.salesconnect.test.mobile.TaskRestAPITests"/>
        <method signature="TaskRestAPITests.Test_relateNewTaskToTask()[pri:0, instance:com.ibm.salesconnect.test.mobile.TaskRestAPITests@44fb1c22]" name="Test_relateNewTaskToTask" class="com.ibm.salesconnect.test.mobile.TaskRestAPITests"/>
        <method signature="TaskRestAPITests.Test_unFavoriteTask()[pri:0, instance:com.ibm.salesconnect.test.mobile.TaskRestAPITests@44fb1c22]" name="Test_unFavoriteTask" class="com.ibm.salesconnect.test.mobile.TaskRestAPITests"/>
      </group> <!-- MOBILE -->
    </groups>
    <test name="Mobile tests" duration-ms="786319" started-at="2016-02-26T07:42:21Z" finished-at="2016-02-26T07:55:28Z">
      <class name="com.ibm.salesconnect.test.mobile.ContactRestAPITests">
        <test-method status="PASS" signature="beforeMethod(org.testng.ITestContext, java.lang.reflect.Method)[pri:0, instance:com.ibm.salesconnect.test.mobile.ContactRestAPITests@23541e79]" name="beforeMethod" is-config="true" duration-ms="0" started-at="2016-02-26T07:44:44Z" finished-at="2016-02-26T07:44:44Z">
          <params>
            <param index="0">
              <value>
                <![CDATA[org.testng.TestRunner@696fcad2]]>
              </value>
            </param>
            <param index="1">
              <value>
                <![CDATA[public void com.ibm.salesconnect.test.mobile.ContactRestAPITests.Test_createContact()]]>
              </value>
            </param>
          </params>
        </test-method> <!-- beforeMethod -->
        <test-method status="PASS" signature="Test_createContact()[pri:0, instance:com.ibm.salesconnect.test.mobile.ContactRestAPITests@23541e79]" name="Test_createContact" duration-ms="2479" started-at="2016-02-26T07:44:44Z" finished-at="2016-02-26T07:44:46Z">
        </test-method> <!-- Test_createContact -->
        <test-method status="PASS" signature="beforeClass(org.testng.ITestContext)[pri:0, instance:com.ibm.salesconnect.test.mobile.ContactRestAPITests@23541e79]" name="beforeClass" is-config="true" duration-ms="0" started-at="2016-02-26T07:44:44Z" finished-at="2016-02-26T07:44:44Z">
          <params>
            <param index="0">
              <value>
                <![CDATA[org.testng.TestRunner@696fcad2]]>
              </value>
            </param>
          </params>
        </test-method> <!-- beforeClass -->
        <test-method status="PASS" signature="afterMethod(org.testng.ITestResult, java.lang.reflect.Method)[pri:0, instance:com.ibm.salesconnect.test.mobile.ContactRestAPITests@23541e79]" name="afterMethod" is-config="true" duration-ms="0" started-at="2016-02-26T07:44:46Z" finished-at="2016-02-26T07:44:46Z">
          <params>
            <param index="0">
              <value>
                <![CDATA[[TestResult: Test_createContact STATUS:SUCCESS METHOD:ContactRestAPITests.Test_createContact()[pri:0, instance:com.ibm.salesconnect.test.mobile.ContactRestAPITests@23541e79]]
]]>
              </value>
            </param>
            <param index="1">
              <value>
                <![CDATA[public void com.ibm.salesconnect.test.mobile.ContactRestAPITests.Test_createContact()]]>
              </value>
            </param>
          </params>
        </test-method> <!-- afterMethod -->
        <test-method status="PASS" signature="Test_deleteContact()[pri:0, instance:com.ibm.salesconnect.test.mobile.ContactRestAPITests@23541e79]" name="Test_deleteContact" duration-ms="3627" started-at="2016-02-26T07:44:46Z" finished-at="2016-02-26T07:44:50Z">
        </test-method> <!-- Test_deleteContact -->
        <test-method status="PASS" signature="beforeMethod(org.testng.ITestContext, java.lang.reflect.Method)[pri:0, instance:com.ibm.salesconnect.test.mobile.ContactRestAPITests@23541e79]" name="beforeMethod" is-config="true" duration-ms="0" started-at="2016-02-26T07:44:46Z" finished-at="2016-02-26T07:44:46Z">
          <params>
            <param index="0">
              <value>
                <![CDATA[org.testng.TestRunner@696fcad2]]>
              </value>
            </param>
            <param index="1">
              <value>
                <![CDATA[public void com.ibm.salesconnect.test.mobile.ContactRestAPITests.Test_deleteContact()]]>
              </value>
            </param>
          </params>
        </test-method> <!-- beforeMethod -->
        <test-method status="PASS" signature="afterMethod(org.testng.ITestResult, java.lang.reflect.Method)[pri:0, instance:com.ibm.salesconnect.test.mobile.ContactRestAPITests@23541e79]" name="afterMethod" is-config="true" duration-ms="1" started-at="2016-02-26T07:44:50Z" finished-at="2016-02-26T07:44:50Z">
          <params>
            <param index="0">
              <value>
                <![CDATA[[TestResult: Test_deleteContact STATUS:SUCCESS METHOD:ContactRestAPITests.Test_deleteContact()[pri:0, instance:com.ibm.salesconnect.test.mobile.ContactRestAPITests@23541e79]]
]]>
              </value>
            </param>
            <param index="1">
              <value>
                <![CDATA[public void com.ibm.salesconnect.test.mobile.ContactRestAPITests.Test_deleteContact()]]>
              </value>
            </param>
          </params>
        </test-method> <!-- afterMethod -->
        <test-method status="PASS" signature="Test_favoriteContact()[pri:0, instance:com.ibm.salesconnect.test.mobile.ContactRestAPITests@23541e79]" name="Test_favoriteContact" duration-ms="4209" started-at="2016-02-26T07:44:50Z" finished-at="2016-02-26T07:44:54Z">
        </test-method> <!-- Test_favoriteContact -->
        <test-method status="PASS" signature="beforeMethod(org.testng.ITestContext, java.lang.reflect.Method)[pri:0, instance:com.ibm.salesconnect.test.mobile.ContactRestAPITests@23541e79]" name="beforeMethod" is-config="true" duration-ms="0" started-at="2016-02-26T07:44:50Z" finished-at="2016-02-26T07:44:50Z">
          <params>
            <param index="0">
              <value>
                <![CDATA[org.testng.TestRunner@696fcad2]]>
              </value>
            </param>
            <param index="1">
              <value>
                <![CDATA[public void com.ibm.salesconnect.test.mobile.ContactRestAPITests.Test_favoriteContact()]]>
              </value>
            </param>
          </params>
        </test-method> <!-- beforeMethod -->
        <test-method status="PASS" signature="afterMethod(org.testng.ITestResult, java.lang.reflect.Method)[pri:0, instance:com.ibm.salesconnect.test.mobile.ContactRestAPITests@23541e79]" name="afterMethod" is-config="true" duration-ms="1" started-at="2016-02-26T07:44:54Z" finished-at="2016-02-26T07:44:54Z">
          <params>
            <param index="0">
              <value>
                <![CDATA[[TestResult: Test_favoriteContact STATUS:SUCCESS METHOD:ContactRestAPITests.Test_favoriteContact()[pri:0, instance:com.ibm.salesconnect.test.mobile.ContactRestAPITests@23541e79]]
]]>
              </value>
            </param>
            <param index="1">
              <value>
                <![CDATA[public void com.ibm.salesconnect.test.mobile.ContactRestAPITests.Test_favoriteContact()]]>
              </value>
            </param>
          </params>
        </test-method> <!-- afterMethod -->
        <test-method status="PASS" signature="beforeMethod(org.testng.ITestContext, java.lang.reflect.Method)[pri:0, instance:com.ibm.salesconnect.test.mobile.ContactRestAPITests@23541e79]" name="beforeMethod" is-config="true" duration-ms="1" started-at="2016-02-26T07:44:54Z" finished-at="2016-02-26T07:44:54Z">
          <params>
            <param index="0">
              <value>
                <![CDATA[org.testng.TestRunner@696fcad2]]>
              </value>
            </param>
            <param index="1">
              <value>
                <![CDATA[public void com.ibm.salesconnect.test.mobile.ContactRestAPITests.Test_linkCallToContact()]]>
              </value>
            </param>
          </params>
        </test-method> <!-- beforeMethod -->
        <test-method status="PASS" signature="Test_linkCallToContact()[pri:0, instance:com.ibm.salesconnect.test.mobile.ContactRestAPITests@23541e79]" name="Test_linkCallToContact" duration-ms="6302" started-at="2016-02-26T07:44:54Z" finished-at="2016-02-26T07:45:01Z">
        </test-method> <!-- Test_linkCallToContact -->
        <test-method status="PASS" signature="afterMethod(org.testng.ITestResult, java.lang.reflect.Method)[pri:0, instance:com.ibm.salesconnect.test.mobile.ContactRestAPITests@23541e79]" name="afterMethod" is-config="true" duration-ms="1" started-at="2016-02-26T07:45:01Z" finished-at="2016-02-26T07:45:01Z">
          <params>
            <param index="0">
              <value>
                <![CDATA[[TestResult: Test_linkCallToContact STATUS:SUCCESS METHOD:ContactRestAPITests.Test_linkCallToContact()[pri:0, instance:com.ibm.salesconnect.test.mobile.ContactRestAPITests@23541e79]]
]]>
              </value>
            </param>
            <param index="1">
              <value>
                <![CDATA[public void com.ibm.salesconnect.test.mobile.ContactRestAPITests.Test_linkCallToContact()]]>
              </value>
            </param>
          </params>
        </test-method> <!-- afterMethod -->
        <test-method status="PASS" signature="beforeMethod(org.testng.ITestContext, java.lang.reflect.Method)[pri:0, instance:com.ibm.salesconnect.test.mobile.ContactRestAPITests@23541e79]" name="beforeMethod" is-config="true" duration-ms="0" started-at="2016-02-26T07:45:01Z" finished-at="2016-02-26T07:45:01Z">
          <params>
            <param index="0">
              <value>
                <![CDATA[org.testng.TestRunner@696fcad2]]>
              </value>
            </param>
            <param index="1">
              <value>
                <![CDATA[public void com.ibm.salesconnect.test.mobile.ContactRestAPITests.Test_linkMeetingToContact()]]>
              </value>
            </param>
          </params>
        </test-method> <!-- beforeMethod -->
        <test-method status="PASS" signature="Test_linkMeetingToContact()[pri:0, instance:com.ibm.salesconnect.test.mobile.ContactRestAPITests@23541e79]" name="Test_linkMeetingToContact" duration-ms="5204" started-at="2016-02-26T07:45:01Z" finished-at="2016-02-26T07:45:06Z">
        </test-method> <!-- Test_linkMeetingToContact -->
        <test-method status="PASS" signature="afterMethod(org.testng.ITestResult, java.lang.reflect.Method)[pri:0, instance:com.ibm.salesconnect.test.mobile.ContactRestAPITests@23541e79]" name="afterMethod" is-config="true" duration-ms="1" started-at="2016-02-26T07:45:06Z" finished-at="2016-02-26T07:45:06Z">
          <params>
            <param index="0">
              <value>
                <![CDATA[[TestResult: Test_linkMeetingToContact STATUS:SUCCESS METHOD:ContactRestAPITests.Test_linkMeetingToContact()[pri:0, instance:com.ibm.salesconnect.test.mobile.ContactRestAPITests@23541e79]]
]]>
              </value>
            </param>
            <param index="1">
              <value>
                <![CDATA[public void com.ibm.salesconnect.test.mobile.ContactRestAPITests.Test_linkMeetingToContact()]]>
              </value>
            </param>
          </params>
        </test-method> <!-- afterMethod -->
        <test-method status="PASS" signature="Test_linkOpportunityToContact()[pri:0, instance:com.ibm.salesconnect.test.mobile.ContactRestAPITests@23541e79]" name="Test_linkOpportunityToContact" duration-ms="9024" started-at="2016-02-26T07:45:06Z" finished-at="2016-02-26T07:45:15Z">
        </test-method> <!-- Test_linkOpportunityToContact -->
        <test-method status="PASS" signature="beforeMethod(org.testng.ITestContext, java.lang.reflect.Method)[pri:0, instance:com.ibm.salesconnect.test.mobile.ContactRestAPITests@23541e79]" name="beforeMethod" is-config="true" duration-ms="0" started-at="2016-02-26T07:45:06Z" finished-at="2016-02-26T07:45:06Z">
          <params>
            <param index="0">
              <value>
                <![CDATA[org.testng.TestRunner@696fcad2]]>
              </value>
            </param>
            <param index="1">
              <value>
                <![CDATA[public void com.ibm.salesconnect.test.mobile.ContactRestAPITests.Test_linkOpportunityToContact()]]>
              </value>
            </param>
          </params>
        </test-method> <!-- beforeMethod -->
        <test-method status="PASS" signature="afterMethod(org.testng.ITestResult, java.lang.reflect.Method)[pri:0, instance:com.ibm.salesconnect.test.mobile.ContactRestAPITests@23541e79]" name="afterMethod" is-config="true" duration-ms="1" started-at="2016-02-26T07:45:15Z" finished-at="2016-02-26T07:45:15Z">
          <params>
            <param index="0">
              <value>
                <![CDATA[[TestResult: Test_linkOpportunityToContact STATUS:SUCCESS METHOD:ContactRestAPITests.Test_linkOpportunityToContact()[pri:0, instance:com.ibm.salesconnect.test.mobile.ContactRestAPITests@23541e79]]
]]>
              </value>
            </param>
            <param index="1">
              <value>
                <![CDATA[public void com.ibm.salesconnect.test.mobile.ContactRestAPITests.Test_linkOpportunityToContact()]]>
              </value>
            </param>
          </params>
        </test-method> <!-- afterMethod -->
        <test-method status="PASS" signature="beforeMethod(org.testng.ITestContext, java.lang.reflect.Method)[pri:0, instance:com.ibm.salesconnect.test.mobile.ContactRestAPITests@23541e79]" name="beforeMethod" is-config="true" duration-ms="0" started-at="2016-02-26T07:45:15Z" finished-at="2016-02-26T07:45:15Z">
          <params>
            <param index="0">
              <value>
                <![CDATA[org.testng.TestRunner@696fcad2]]>
              </value>
            </param>
            <param index="1">
              <value>
                <![CDATA[public void com.ibm.salesconnect.test.mobile.ContactRestAPITests.Test_relateNewCallToContact()]]>
              </value>
            </param>
          </params>
        </test-method> <!-- beforeMethod -->
        <test-method status="PASS" signature="Test_relateNewCallToContact()[pri:0, instance:com.ibm.salesconnect.test.mobile.ContactRestAPITests@23541e79]" name="Test_relateNewCallToContact" duration-ms="4603" started-at="2016-02-26T07:45:15Z" finished-at="2016-02-26T07:45:19Z">
        </test-method> <!-- Test_relateNewCallToContact -->
        <test-method status="PASS" signature="afterMethod(org.testng.ITestResult, java.lang.reflect.Method)[pri:0, instance:com.ibm.salesconnect.test.mobile.ContactRestAPITests@23541e79]" name="afterMethod" is-config="true" duration-ms="1" started-at="2016-02-26T07:45:19Z" finished-at="2016-02-26T07:45:19Z">
          <params>
            <param index="0">
              <value>
                <![CDATA[[TestResult: Test_relateNewCallToContact STATUS:SUCCESS METHOD:ContactRestAPITests.Test_relateNewCallToContact()[pri:0, instance:com.ibm.salesconnect.test.mobile.ContactRestAPITests@23541e79]]
]]>
              </value>
            </param>
            <param index="1">
              <value>
                <![CDATA[public void com.ibm.salesconnect.test.mobile.ContactRestAPITests.Test_relateNewCallToContact()]]>
              </value>
            </param>
          </params>
        </test-method> <!-- afterMethod -->
        <test-method status="PASS" signature="Test_relateNewOpportunityToContact()[pri:0, instance:com.ibm.salesconnect.test.mobile.ContactRestAPITests@23541e79]" name="Test_relateNewOpportunityToContact" duration-ms="7138" started-at="2016-02-26T07:45:19Z" finished-at="2016-02-26T07:45:27Z">
        </test-method> <!-- Test_relateNewOpportunityToContact -->
        <test-method status="PASS" signature="beforeMethod(org.testng.ITestContext, java.lang.reflect.Method)[pri:0, instance:com.ibm.salesconnect.test.mobile.ContactRestAPITests@23541e79]" name="beforeMethod" is-config="true" duration-ms="0" started-at="2016-02-26T07:45:19Z" finished-at="2016-02-26T07:45:19Z">
          <params>
            <param index="0">
              <value>
                <![CDATA[org.testng.TestRunner@696fcad2]]>
              </value>
            </param>
            <param index="1">
              <value>
                <![CDATA[public void com.ibm.salesconnect.test.mobile.ContactRestAPITests.Test_relateNewOpportunityToContact()]]>
              </value>
            </param>
          </params>
        </test-method> <!-- beforeMethod -->
        <test-method status="PASS" signature="afterMethod(org.testng.ITestResult, java.lang.reflect.Method)[pri:0, instance:com.ibm.salesconnect.test.mobile.ContactRestAPITests@23541e79]" name="afterMethod" is-config="true" duration-ms="1" started-at="2016-02-26T07:45:27Z" finished-at="2016-02-26T07:45:27Z">
          <params>
            <param index="0">
              <value>
                <![CDATA[[TestResult: Test_relateNewOpportunityToContact STATUS:SUCCESS METHOD:ContactRestAPITests.Test_relateNewOpportunityToContact()[pri:0, instance:com.ibm.salesconnect.test.mobile.ContactRestAPITests@23541e79]]
]]>
              </value>
            </param>
            <param index="1">
              <value>
                <![CDATA[public void com.ibm.salesconnect.test.mobile.ContactRestAPITests.Test_relateNewOpportunityToContact()]]>
              </value>
            </param>
          </params>
        </test-method> <!-- afterMethod -->
        <test-method status="PASS" signature="beforeMethod(org.testng.ITestContext, java.lang.reflect.Method)[pri:0, instance:com.ibm.salesconnect.test.mobile.ContactRestAPITests@23541e79]" name="beforeMethod" is-config="true" duration-ms="1" started-at="2016-02-26T07:45:27Z" finished-at="2016-02-26T07:45:27Z">
          <params>
            <param index="0">
              <value>
                <![CDATA[org.testng.TestRunner@696fcad2]]>
              </value>
            </param>
            <param index="1">
              <value>
                <![CDATA[public void com.ibm.salesconnect.test.mobile.ContactRestAPITests.Test_unFavoriteContact()]]>
              </value>
            </param>
          </params>
        </test-method> <!-- beforeMethod -->
        <test-method status="PASS" signature="Test_unFavoriteContact()[pri:0, instance:com.ibm.salesconnect.test.mobile.ContactRestAPITests@23541e79]" name="Test_unFavoriteContact" duration-ms="4838" started-at="2016-02-26T07:45:27Z" finished-at="2016-02-26T07:45:31Z">
        </test-method> <!-- Test_unFavoriteContact -->
        <test-method status="PASS" signature="afterMethod(org.testng.ITestResult, java.lang.reflect.Method)[pri:0, instance:com.ibm.salesconnect.test.mobile.ContactRestAPITests@23541e79]" name="afterMethod" is-config="true" duration-ms="1" started-at="2016-02-26T07:45:31Z" finished-at="2016-02-26T07:45:31Z">
          <params>
            <param index="0">
              <value>
                <![CDATA[[TestResult: Test_unFavoriteContact STATUS:SUCCESS METHOD:ContactRestAPITests.Test_unFavoriteContact()[pri:0, instance:com.ibm.salesconnect.test.mobile.ContactRestAPITests@23541e79]]
]]>
              </value>
            </param>
            <param index="1">
              <value>
                <![CDATA[public void com.ibm.salesconnect.test.mobile.ContactRestAPITests.Test_unFavoriteContact()]]>
              </value>
            </param>
          </params>
        </test-method> <!-- afterMethod -->
        <test-method status="PASS" signature="afterClass(org.testng.xml.XmlTest)[pri:0, instance:com.ibm.salesconnect.test.mobile.ContactRestAPITests@23541e79]" name="afterClass" is-config="true" duration-ms="0" started-at="2016-02-26T07:45:31Z" finished-at="2016-02-26T07:45:31Z">
          <params>
            <param index="0">
              <value>
                <![CDATA[[Test: "Mobile tests" verbose:1[parameters:][metagroups:] [included: MOBILE ][excluded: ]  classes:[Class: com.ibm.salesconnect.test.mobile.CallRestAPITests] [Class: com.ibm.salesconnect.test.mobile.ClientRestAPITests] [Class: com.ibm.salesconnect.test.mobile.ContactRestAPITests] [Class: com.ibm.salesconnect.test.mobile.LoginRestAPITests] [Class: com.ibm.salesconnect.test.mobile.MeetingRestAPITests] [Class: com.ibm.salesconnect.test.mobile.NoteRestAPITests] [Class: com.ibm.salesconnect.test.mobile.OpportunityRestApiTests] [Class: com.ibm.salesconnect.test.mobile.TaskRestAPITests]  packages:org.testng.xml.XmlPackage@bc9efb45 ] ]]>
              </value>
            </param>
          </params>
        </test-method> <!-- afterClass -->
      </class> <!-- com.ibm.salesconnect.test.mobile.ContactRestAPITests -->
      <class name="com.ibm.salesconnect.test.mobile.LoginRestAPITests">
        <test-method status="PASS" signature="beforeClass(org.testng.ITestContext)[pri:0, instance:com.ibm.salesconnect.test.mobile.LoginRestAPITests@5ee3be9f]" name="beforeClass" is-config="true" duration-ms="0" started-at="2016-02-26T07:45:31Z" finished-at="2016-02-26T07:45:31Z">
          <params>
            <param index="0">
              <value>
                <![CDATA[org.testng.TestRunner@696fcad2]]>
              </value>
            </param>
          </params>
        </test-method> <!-- beforeClass -->
        <test-method status="PASS" signature="beforeMethod(org.testng.ITestContext, java.lang.reflect.Method)[pri:0, instance:com.ibm.salesconnect.test.mobile.LoginRestAPITests@5ee3be9f]" name="beforeMethod" is-config="true" duration-ms="0" started-at="2016-02-26T07:45:31Z" finished-at="2016-02-26T07:45:31Z">
          <params>
            <param index="0">
              <value>
                <![CDATA[org.testng.TestRunner@696fcad2]]>
              </value>
            </param>
            <param index="1">
              <value>
                <![CDATA[public void com.ibm.salesconnect.test.mobile.LoginRestAPITests.Test_logout()]]>
              </value>
            </param>
          </params>
        </test-method> <!-- beforeMethod -->
        <test-method status="PASS" signature="Test_logout()[pri:0, instance:com.ibm.salesconnect.test.mobile.LoginRestAPITests@5ee3be9f]" name="Test_logout" duration-ms="1196" started-at="2016-02-26T07:45:31Z" finished-at="2016-02-26T07:45:33Z">
        </test-method> <!-- Test_logout -->
        <test-method status="PASS" signature="afterMethod(org.testng.ITestResult, java.lang.reflect.Method)[pri:0, instance:com.ibm.salesconnect.test.mobile.LoginRestAPITests@5ee3be9f]" name="afterMethod" is-config="true" duration-ms="0" started-at="2016-02-26T07:45:33Z" finished-at="2016-02-26T07:45:33Z">
          <params>
            <param index="0">
              <value>
                <![CDATA[[TestResult: Test_logout STATUS:SUCCESS METHOD:LoginRestAPITests.Test_logout()[pri:0, instance:com.ibm.salesconnect.test.mobile.LoginRestAPITests@5ee3be9f]]
]]>
              </value>
            </param>
            <param index="1">
              <value>
                <![CDATA[public void com.ibm.salesconnect.test.mobile.LoginRestAPITests.Test_logout()]]>
              </value>
            </param>
          </params>
        </test-method> <!-- afterMethod -->
        <test-method status="PASS" signature="beforeMethod(org.testng.ITestContext, java.lang.reflect.Method)[pri:0, instance:com.ibm.salesconnect.test.mobile.LoginRestAPITests@5ee3be9f]" name="beforeMethod" is-config="true" duration-ms="1" started-at="2016-02-26T07:45:33Z" finished-at="2016-02-26T07:45:33Z">
          <params>
            <param index="0">
              <value>
                <![CDATA[org.testng.TestRunner@696fcad2]]>
              </value>
            </param>
            <param index="1">
              <value>
                <![CDATA[public void com.ibm.salesconnect.test.mobile.LoginRestAPITests.Test_obtainLabels()]]>
              </value>
            </param>
          </params>
        </test-method> <!-- beforeMethod -->
        <test-method status="PASS" signature="Test_obtainLabels()[pri:0, instance:com.ibm.salesconnect.test.mobile.LoginRestAPITests@5ee3be9f]" name="Test_obtainLabels" duration-ms="115620" started-at="2016-02-26T07:45:33Z" finished-at="2016-02-26T07:47:28Z">
        </test-method> <!-- Test_obtainLabels -->
        <test-method status="PASS" signature="afterMethod(org.testng.ITestResult, java.lang.reflect.Method)[pri:0, instance:com.ibm.salesconnect.test.mobile.LoginRestAPITests@5ee3be9f]" name="afterMethod" is-config="true" duration-ms="3" started-at="2016-02-26T07:47:28Z" finished-at="2016-02-26T07:47:28Z">
          <params>
            <param index="0">
              <value>
                <![CDATA[[TestResult: Test_obtainLabels STATUS:SUCCESS METHOD:LoginRestAPITests.Test_obtainLabels()[pri:0, instance:com.ibm.salesconnect.test.mobile.LoginRestAPITests@5ee3be9f]]
]]>
              </value>
            </param>
            <param index="1">
              <value>
                <![CDATA[public void com.ibm.salesconnect.test.mobile.LoginRestAPITests.Test_obtainLabels()]]>
              </value>
            </param>
          </params>
        </test-method> <!-- afterMethod -->
        <test-method status="PASS" signature="beforeMethod(org.testng.ITestContext, java.lang.reflect.Method)[pri:0, instance:com.ibm.salesconnect.test.mobile.LoginRestAPITests@5ee3be9f]" name="beforeMethod" is-config="true" duration-ms="1" started-at="2016-02-26T07:47:28Z" finished-at="2016-02-26T07:47:28Z">
          <params>
            <param index="0">
              <value>
                <![CDATA[org.testng.TestRunner@696fcad2]]>
              </value>
            </param>
            <param index="1">
              <value>
                <![CDATA[public void com.ibm.salesconnect.test.mobile.LoginRestAPITests.Test_obtainMe()]]>
              </value>
            </param>
          </params>
        </test-method> <!-- beforeMethod -->
        <test-method status="PASS" signature="Test_obtainMe()[pri:0, instance:com.ibm.salesconnect.test.mobile.LoginRestAPITests@5ee3be9f]" name="Test_obtainMe" duration-ms="38354" started-at="2016-02-26T07:47:28Z" finished-at="2016-02-26T07:48:07Z">
        </test-method> <!-- Test_obtainMe -->
        <test-method status="PASS" signature="afterMethod(org.testng.ITestResult, java.lang.reflect.Method)[pri:0, instance:com.ibm.salesconnect.test.mobile.LoginRestAPITests@5ee3be9f]" name="afterMethod" is-config="true" duration-ms="1" started-at="2016-02-26T07:48:07Z" finished-at="2016-02-26T07:48:07Z">
          <params>
            <param index="0">
              <value>
                <![CDATA[[TestResult: Test_obtainMe STATUS:SUCCESS METHOD:LoginRestAPITests.Test_obtainMe()[pri:0, instance:com.ibm.salesconnect.test.mobile.LoginRestAPITests@5ee3be9f]]
]]>
              </value>
            </param>
            <param index="1">
              <value>
                <![CDATA[public void com.ibm.salesconnect.test.mobile.LoginRestAPITests.Test_obtainMe()]]>
              </value>
            </param>
          </params>
        </test-method> <!-- afterMethod -->
        <test-method status="PASS" signature="Test_obtainMetadata()[pri:0, instance:com.ibm.salesconnect.test.mobile.LoginRestAPITests@5ee3be9f]" name="Test_obtainMetadata" duration-ms="28967" started-at="2016-02-26T07:48:07Z" finished-at="2016-02-26T07:48:36Z">
        </test-method> <!-- Test_obtainMetadata -->
        <test-method status="PASS" signature="beforeMethod(org.testng.ITestContext, java.lang.reflect.Method)[pri:0, instance:com.ibm.salesconnect.test.mobile.LoginRestAPITests@5ee3be9f]" name="beforeMethod" is-config="true" duration-ms="0" started-at="2016-02-26T07:48:07Z" finished-at="2016-02-26T07:48:07Z">
          <params>
            <param index="0">
              <value>
                <![CDATA[org.testng.TestRunner@696fcad2]]>
              </value>
            </param>
            <param index="1">
              <value>
                <![CDATA[public void com.ibm.salesconnect.test.mobile.LoginRestAPITests.Test_obtainMetadata()]]>
              </value>
            </param>
          </params>
        </test-method> <!-- beforeMethod -->
        <test-method status="PASS" signature="afterMethod(org.testng.ITestResult, java.lang.reflect.Method)[pri:0, instance:com.ibm.salesconnect.test.mobile.LoginRestAPITests@5ee3be9f]" name="afterMethod" is-config="true" duration-ms="5" started-at="2016-02-26T07:48:36Z" finished-at="2016-02-26T07:48:36Z">
          <params>
            <param index="0">
              <value>
                <![CDATA[[TestResult: Test_obtainMetadata STATUS:SUCCESS METHOD:LoginRestAPITests.Test_obtainMetadata()[pri:0, instance:com.ibm.salesconnect.test.mobile.LoginRestAPITests@5ee3be9f]]
]]>
              </value>
            </param>
            <param index="1">
              <value>
                <![CDATA[public void com.ibm.salesconnect.test.mobile.LoginRestAPITests.Test_obtainMetadata()]]>
              </value>
            </param>
          </params>
        </test-method> <!-- afterMethod -->
        <test-method status="PASS" signature="afterClass(org.testng.xml.XmlTest)[pri:0, instance:com.ibm.salesconnect.test.mobile.LoginRestAPITests@5ee3be9f]" name="afterClass" is-config="true" duration-ms="0" started-at="2016-02-26T07:48:36Z" finished-at="2016-02-26T07:48:36Z">
          <params>
            <param index="0">
              <value>
                <![CDATA[[Test: "Mobile tests" verbose:1[parameters:][metagroups:] [included: MOBILE ][excluded: ]  classes:[Class: com.ibm.salesconnect.test.mobile.CallRestAPITests] [Class: com.ibm.salesconnect.test.mobile.ClientRestAPITests] [Class: com.ibm.salesconnect.test.mobile.ContactRestAPITests] [Class: com.ibm.salesconnect.test.mobile.LoginRestAPITests] [Class: com.ibm.salesconnect.test.mobile.MeetingRestAPITests] [Class: com.ibm.salesconnect.test.mobile.NoteRestAPITests] [Class: com.ibm.salesconnect.test.mobile.OpportunityRestApiTests] [Class: com.ibm.salesconnect.test.mobile.TaskRestAPITests]  packages:org.testng.xml.XmlPackage@bc9efb45 ] ]]>
              </value>
            </param>
          </params>
        </test-method> <!-- afterClass -->
      </class> <!-- com.ibm.salesconnect.test.mobile.LoginRestAPITests -->
      <class name="com.ibm.salesconnect.test.mobile.CallRestAPITests">
        <test-method status="PASS" signature="beforeClass(org.testng.ITestContext)[pri:0, instance:com.ibm.salesconnect.test.mobile.CallRestAPITests@57177af9]" name="beforeClass" is-config="true" duration-ms="0" started-at="2016-02-26T07:42:21Z" finished-at="2016-02-26T07:42:21Z">
          <params>
            <param index="0">
              <value>
                <![CDATA[org.testng.TestRunner@696fcad2]]>
              </value>
            </param>
          </params>
        </test-method> <!-- beforeClass -->
        <test-method status="PASS" signature="Test_createCall()[pri:0, instance:com.ibm.salesconnect.test.mobile.CallRestAPITests@57177af9]" name="Test_createCall" duration-ms="4209" started-at="2016-02-26T07:42:21Z" finished-at="2016-02-26T07:42:25Z">
        </test-method> <!-- Test_createCall -->
        <test-method status="PASS" signature="beforeMethod(org.testng.ITestContext, java.lang.reflect.Method)[pri:0, instance:com.ibm.salesconnect.test.mobile.CallRestAPITests@57177af9]" name="beforeMethod" is-config="true" duration-ms="0" started-at="2016-02-26T07:42:21Z" finished-at="2016-02-26T07:42:21Z">
          <params>
            <param index="0">
              <value>
                <![CDATA[org.testng.TestRunner@696fcad2]]>
              </value>
            </param>
            <param index="1">
              <value>
                <![CDATA[public void com.ibm.salesconnect.test.mobile.CallRestAPITests.Test_createCall()]]>
              </value>
            </param>
          </params>
        </test-method> <!-- beforeMethod -->
        <test-method status="PASS" signature="afterMethod(org.testng.ITestResult, java.lang.reflect.Method)[pri:0, instance:com.ibm.salesconnect.test.mobile.CallRestAPITests@57177af9]" name="afterMethod" is-config="true" duration-ms="2" started-at="2016-02-26T07:42:25Z" finished-at="2016-02-26T07:42:25Z">
          <params>
            <param index="0">
              <value>
                <![CDATA[[TestResult: Test_createCall STATUS:SUCCESS METHOD:CallRestAPITests.Test_createCall()[pri:0, instance:com.ibm.salesconnect.test.mobile.CallRestAPITests@57177af9]]
]]>
              </value>
            </param>
            <param index="1">
              <value>
                <![CDATA[public void com.ibm.salesconnect.test.mobile.CallRestAPITests.Test_createCall()]]>
              </value>
            </param>
          </params>
        </test-method> <!-- afterMethod -->
        <test-method status="PASS" signature="beforeMethod(org.testng.ITestContext, java.lang.reflect.Method)[pri:0, instance:com.ibm.salesconnect.test.mobile.CallRestAPITests@57177af9]" name="beforeMethod" is-config="true" duration-ms="1" started-at="2016-02-26T07:42:25Z" finished-at="2016-02-26T07:42:25Z">
          <params>
            <param index="0">
              <value>
                <![CDATA[org.testng.TestRunner@696fcad2]]>
              </value>
            </param>
            <param index="1">
              <value>
                <![CDATA[public void com.ibm.salesconnect.test.mobile.CallRestAPITests.Test_deleteCall()]]>
              </value>
            </param>
          </params>
        </test-method> <!-- beforeMethod -->
        <test-method status="PASS" signature="Test_deleteCall()[pri:0, instance:com.ibm.salesconnect.test.mobile.CallRestAPITests@57177af9]" name="Test_deleteCall" duration-ms="4213" started-at="2016-02-26T07:42:25Z" finished-at="2016-02-26T07:42:30Z">
        </test-method> <!-- Test_deleteCall -->
        <test-method status="PASS" signature="afterMethod(org.testng.ITestResult, java.lang.reflect.Method)[pri:0, instance:com.ibm.salesconnect.test.mobile.CallRestAPITests@57177af9]" name="afterMethod" is-config="true" duration-ms="1" started-at="2016-02-26T07:42:30Z" finished-at="2016-02-26T07:42:30Z">
          <params>
            <param index="0">
              <value>
                <![CDATA[[TestResult: Test_deleteCall STATUS:SUCCESS METHOD:CallRestAPITests.Test_deleteCall()[pri:0, instance:com.ibm.salesconnect.test.mobile.CallRestAPITests@57177af9]]
]]>
              </value>
            </param>
            <param index="1">
              <value>
                <![CDATA[public void com.ibm.salesconnect.test.mobile.CallRestAPITests.Test_deleteCall()]]>
              </value>
            </param>
          </params>
        </test-method> <!-- afterMethod -->
[...]
]]>
              </value>
            </param>
            <param index="1">
              <value>
                <![CDATA[public void com.ibm.salesconnect.test.mobile.ClientRestAPITests.Test_linkContactToClient()]]>
              </value>
            </param>
          </params>
        </test-method> <!-- afterMethod -->
        <test-method status="PASS" signature="beforeMethod(org.testng.ITestContext, java.lang.reflect.Method)[pri:0, instance:com.ibm.salesconnect.test.mobile.ClientRestAPITests@468a9e1a]" name="beforeMethod" is-config="true" duration-ms="1" started-at="2016-02-26T07:44:04Z" finished-at="2016-02-26T07:44:04Z">
          <params>
            <param index="0">
              <value>
                <![CDATA[org.testng.TestRunner@696fcad2]]>
              </value>
            </param>
            <param index="1">
              <value>
                <![CDATA[public void com.ibm.salesconnect.test.mobile.ClientRestAPITests.Test_linkMeetingToClient()]]>
              </value>
            </param>
          </params>
        </test-method> <!-- beforeMethod -->
        <test-method status="PASS" signature="Test_linkMeetingToClient()[pri:0, instance:com.ibm.salesconnect.test.mobile.ClientRestAPITests@468a9e1a]" name="Test_linkMeetingToClient" duration-ms="4696" started-at="2016-02-26T07:44:04Z" finished-at="2016-02-26T07:44:09Z">
        </test-method> <!-- Test_linkMeetingToClient -->
        <test-method status="PASS" signature="afterMethod(org.testng.ITestResult, java.lang.reflect.Method)[pri:0, instance:com.ibm.salesconnect.test.mobile.ClientRestAPITests@468a9e1a]" name="afterMethod" is-config="true" duration-ms="1" started-at="2016-02-26T07:44:09Z" finished-at="2016-02-26T07:44:09Z">
          <params>
            <param index="0">
              <value>
                <![CDATA[[TestResult: Test_linkMeetingToClient STATUS:SUCCESS METHOD:ClientRestAPITests.Test_linkMeetingToClient()[pri:0, instance:com.ibm.salesconnect.test.mobile.ClientRestAPITests@468a9e1a]]
]]>
              </value>
            </param>
            <param index="1">
              <value>
                <![CDATA[public void com.ibm.salesconnect.test.mobile.ClientRestAPITests.Test_linkMeetingToClient()]]>
              </value>
            </param>
          </params>
        </test-method> <!-- afterMethod -->
        <test-method status="PASS" signature="beforeMethod(org.testng.ITestContext, java.lang.reflect.Method)[pri:0, instance:com.ibm.salesconnect.test.mobile.ClientRestAPITests@468a9e1a]" name="beforeMethod" is-config="true" duration-ms="0" started-at="2016-02-26T07:44:09Z" finished-at="2016-02-26T07:44:09Z">
          <params>
            <param index="0">
              <value>
                <![CDATA[org.testng.TestRunner@696fcad2]]>
              </value>
            </param>
            <param index="1">
              <value>
                <![CDATA[public void com.ibm.salesconnect.test.mobile.ClientRestAPITests.Test_linkNoteToClient()]]>
              </value>
            </param>
          </params>
        </test-method> <!-- beforeMethod -->
        <test-method status="PASS" signature="Test_linkNoteToClient()[pri:0, instance:com.ibm.salesconnect.test.mobile.ClientRestAPITests@468a9e1a]" name="Test_linkNoteToClient" duration-ms="4936" started-at="2016-02-26T07:44:09Z" finished-at="2016-02-26T07:44:14Z">
        </test-method> <!-- Test_linkNoteToClient -->
        <test-method status="PASS" signature="afterMethod(org.testng.ITestResult, java.lang.reflect.Method)[pri:0, instance:com.ibm.salesconnect.test.mobile.ClientRestAPITests@468a9e1a]" name="afterMethod" is-config="true" duration-ms="1" started-at="2016-02-26T07:44:14Z" finished-at="2016-02-26T07:44:14Z">
          <params>
            <param index="0">
              <value>
                <![CDATA[[TestResult: Test_linkNoteToClient STATUS:SUCCESS METHOD:ClientRestAPITests.Test_linkNoteToClient()[pri:0, instance:com.ibm.salesconnect.test.mobile.ClientRestAPITests@468a9e1a]]
]]>
              </value>
            </param>
            <param index="1">
              <value>
                <![CDATA[public void com.ibm.salesconnect.test.mobile.ClientRestAPITests.Test_linkNoteToClient()]]>
              </value>
            </param>
          </params>
        </test-method> <!-- afterMethod -->
        <test-method status="PASS" signature="beforeMethod(org.testng.ITestContext, java.lang.reflect.Method)[pri:0, instance:com.ibm.salesconnect.test.mobile.ClientRestAPITests@468a9e1a]" name="beforeMethod" is-config="true" duration-ms="0" started-at="2016-02-26T07:44:14Z" finished-at="2016-02-26T07:44:14Z">
          <params>
            <param index="0">
              <value>
                <![CDATA[org.testng.TestRunner@696fcad2]]>
              </value>
            </param>
            <param index="1">
              <value>
                <![CDATA[public void com.ibm.salesconnect.test.mobile.ClientRestAPITests.Test_linkTaskToClient()]]>
              </value>
            </param>
          </params>
        </test-method> <!-- beforeMethod -->
        <test-method status="PASS" signature="Test_linkTaskToClient()[pri:0, instance:com.ibm.salesconnect.test.mobile.ClientRestAPITests@468a9e1a]" name="Test_linkTaskToClient" duration-ms="5178" started-at="2016-02-26T07:44:14Z" finished-at="2016-02-26T07:44:19Z">
        </test-method> <!-- Test_linkTaskToClient -->
        <test-method status="PASS" signature="afterMethod(org.testng.ITestResult, java.lang.reflect.Method)[pri:0, instance:com.ibm.salesconnect.test.mobile.ClientRestAPITests@468a9e1a]" name="afterMethod" is-config="true" duration-ms="2" started-at="2016-02-26T07:44:19Z" finished-at="2016-02-26T07:44:19Z">
          <params>
            <param index="0">
              <value>
                <![CDATA[[TestResult: Test_linkTaskToClient STATUS:SUCCESS METHOD:ClientRestAPITests.Test_linkTaskToClient()[pri:0, instance:com.ibm.salesconnect.test.mobile.ClientRestAPITests@468a9e1a]]
]]>
              </value>
            </param>
            <param index="1">
              <value>
                <![CDATA[public void com.ibm.salesconnect.test.mobile.ClientRestAPITests.Test_linkTaskToClient()]]>
              </value>
            </param>
          </params>
        </test-method> <!-- afterMethod -->
        <test-method status="PASS" signature="beforeMethod(org.testng.ITestContext, java.lang.reflect.Method)[pri:0, instance:com.ibm.salesconnect.test.mobile.ClientRestAPITests@468a9e1a]" name="beforeMethod" is-config="true" duration-ms="0" started-at="2016-02-26T07:44:19Z" finished-at="2016-02-26T07:44:19Z">
          <params>
            <param index="0">
              <value>
                <![CDATA[org.testng.TestRunner@696fcad2]]>
              </value>
            </param>
            <param index="1">
              <value>
                <![CDATA[public void com.ibm.salesconnect.test.mobile.ClientRestAPITests.Test_relateNewCallToClient()]]>
              </value>
            </param>
          </params>
        </test-method> <!-- beforeMethod -->
        <test-method status="PASS" signature="Test_relateNewCallToClient()[pri:0, instance:com.ibm.salesconnect.test.mobile.ClientRestAPITests@468a9e1a]" name="Test_relateNewCallToClient" duration-ms="6138" started-at="2016-02-26T07:44:19Z" finished-at="2016-02-26T07:44:25Z">
        </test-method> <!-- Test_relateNewCallToClient -->
        <test-method status="PASS" signature="afterMethod(org.testng.ITestResult, java.lang.reflect.Method)[pri:0, instance:com.ibm.salesconnect.test.mobile.ClientRestAPITests@468a9e1a]" name="afterMethod" is-config="true" duration-ms="2" started-at="2016-02-26T07:44:25Z" finished-at="2016-02-26T07:44:25Z">
          <params>
            <param index="0">
              <value>
                <![CDATA[[TestResult: Test_relateNewCallToClient STATUS:SUCCESS METHOD:ClientRestAPITests.Test_relateNewCallToClient()[pri:0, instance:com.ibm.salesconnect.test.mobile.ClientRestAPITests@468a9e1a]]
]]>
              </value>
            </param>
            <param index="1">
              <value>
                <![CDATA[public void com.ibm.salesconnect.test.mobile.ClientRestAPITests.Test_relateNewCallToClient()]]>
              </value>
            </param>
          </params>
        </test-method> <!-- afterMethod -->
        <test-method status="PASS" signature="Test_relateNewContactToClient()[pri:0, instance:com.ibm.salesconnect.test.mobile.ClientRestAPITests@468a9e1a]" name="Test_relateNewContactToClient" duration-ms="3684" started-at="2016-02-26T07:44:25Z" finished-at="2016-02-26T07:44:29Z">
        </test-method> <!-- Test_relateNewContactToClient -->
        <test-method status="PASS" signature="beforeMethod(org.testng.ITestContext, java.lang.reflect.Method)[pri:0, instance:com.ibm.salesconnect.test.mobile.ClientRestAPITests@468a9e1a]" name="beforeMethod" is-config="true" duration-ms="0" started-at="2016-02-26T07:44:25Z" finished-at="2016-02-26T07:44:25Z">
          <params>
            <param index="0">
              <value>
                <![CDATA[org.testng.TestRunner@696fcad2]]>
              </value>
            </param>
            <param index="1">
              <value>
                <![CDATA[public void com.ibm.salesconnect.test.mobile.ClientRestAPITests.Test_relateNewContactToClient()]]>
              </value>
            </param>
          </params>
        </test-method> <!-- beforeMethod -->
        <test-method status="PASS" signature="afterMethod(org.testng.ITestResult, java.lang.reflect.Method)[pri:0, instance:com.ibm.salesconnect.test.mobile.ClientRestAPITests@468a9e1a]" name="afterMethod" is-config="true" duration-ms="1" started-at="2016-02-26T07:44:29Z" finished-at="2016-02-26T07:44:29Z">
          <params>
            <param index="0">
              <value>
                <![CDATA[[TestResult: Test_relateNewContactToClient STATUS:SUCCESS METHOD:ClientRestAPITests.Test_relateNewContactToClient()[pri:0, instance:com.ibm.salesconnect.test.mobile.ClientRestAPITests@468a9e1a]]
]]>
              </value>
            </param>
            <param index="1">
              <value>
                <![CDATA[public void com.ibm.salesconnect.test.mobile.ClientRestAPITests.Test_relateNewContactToClient()]]>
              </value>
            </param>
          </params>
        </test-method> <!-- afterMethod -->
        <test-method status="PASS" signature="beforeMethod(org.testng.ITestContext, java.lang.reflect.Method)[pri:0, instance:com.ibm.salesconnect.test.mobile.ClientRestAPITests@468a9e1a]" name="beforeMethod" is-config="true" duration-ms="0" started-at="2016-02-26T07:44:29Z" finished-at="2016-02-26T07:44:29Z">
          <params>
            <param index="0">
              <value>
                <![CDATA[org.testng.TestRunner@696fcad2]]>
              </value>
            </param>
            <param index="1">
              <value>
                <![CDATA[public void com.ibm.salesconnect.test.mobile.ClientRestAPITests.Test_relateNewNoteToClient()]]>
              </value>
            </param>
          </params>
        </test-method> <!-- beforeMethod -->
        <test-method status="PASS" signature="Test_relateNewNoteToClient()[pri:0, instance:com.ibm.salesconnect.test.mobile.ClientRestAPITests@468a9e1a]" name="Test_relateNewNoteToClient" duration-ms="3031" started-at="2016-02-26T07:44:29Z" finished-at="2016-02-26T07:44:32Z">
        </test-method> <!-- Test_relateNewNoteToClient -->
        <test-method status="PASS" signature="afterMethod(org.testng.ITestResult, java.lang.reflect.Method)[pri:0, instance:com.ibm.salesconnect.test.mobile.ClientRestAPITests@468a9e1a]" name="afterMethod" is-config="true" duration-ms="1" started-at="2016-02-26T07:44:32Z" finished-at="2016-02-26T07:44:32Z">
          <params>
            <param index="0">
              <value>
                <![CDATA[[TestResult: Test_relateNewNoteToClient STATUS:SUCCESS METHOD:ClientRestAPITests.Test_relateNewNoteToClient()[pri:0, instance:com.ibm.salesconnect.test.mobile.ClientRestAPITests@468a9e1a]]
]]>
              </value>
            </param>
            <param index="1">
              <value>
                <![CDATA[public void com.ibm.salesconnect.test.mobile.ClientRestAPITests.Test_relateNewNoteToClient()]]>
              </value>
            </param>
          </params>
        </test-method> <!-- afterMethod -->
        <test-method status="PASS" signature="Test_relateNewOpportunityToClient()[pri:0, instance:com.ibm.salesconnect.test.mobile.ClientRestAPITests@468a9e1a]" name="Test_relateNewOpportunityToClient" duration-ms="5796" started-at="2016-02-26T07:44:32Z" finished-at="2016-02-26T07:44:38Z">
        </test-method> <!-- Test_relateNewOpportunityToClient -->
        <test-method status="PASS" signature="beforeMethod(org.testng.ITestContext, java.lang.reflect.Method)[pri:0, instance:com.ibm.salesconnect.test.mobile.ClientRestAPITests@468a9e1a]" name="beforeMethod" is-config="true" duration-ms="0" started-at="2016-02-26T07:44:32Z" finished-at="2016-02-26T07:44:32Z">
          <params>
            <param index="0">
              <value>
                <![CDATA[org.testng.TestRunner@696fcad2]]>
              </value>
            </param>
            <param index="1">
              <value>
                <![CDATA[public void com.ibm.salesconnect.test.mobile.ClientRestAPITests.Test_relateNewOpportunityToClient()]]>
              </value>
            </param>
          </params>
        </test-method> <!-- beforeMethod -->
        <test-method status="PASS" signature="afterMethod(org.testng.ITestResult, java.lang.reflect.Method)[pri:0, instance:com.ibm.salesconnect.test.mobile.ClientRestAPITests@468a9e1a]" name="afterMethod" is-config="true" duration-ms="1" started-at="2016-02-26T07:44:38Z" finished-at="2016-02-26T07:44:38Z">
          <params>
            <param index="0">
              <value>
                <![CDATA[[TestResult: Test_relateNewOpportunityToClient STATUS:SUCCESS METHOD:ClientRestAPITests.Test_relateNewOpportunityToClient()[pri:0, instance:com.ibm.salesconnect.test.mobile.ClientRestAPITests@468a9e1a]]
]]>
              </value>
            </param>
            <param index="1">
              <value>
                <![CDATA[public void com.ibm.salesconnect.test.mobile.ClientRestAPITests.Test_relateNewOpportunityToClient()]]>
              </value>
            </param>
          </params>
        </test-method> <!-- afterMethod -->
        <test-method status="PASS" signature="beforeMethod(org.testng.ITestContext, java.lang.reflect.Method)[pri:0, instance:com.ibm.salesconnect.test.mobile.ClientRestAPITests@468a9e1a]" name="beforeMethod" is-config="true" duration-ms="0" started-at="2016-02-26T07:44:38Z" finished-at="2016-02-26T07:44:38Z">
          <params>
            <param index="0">
              <value>
                <![CDATA[org.testng.TestRunner@696fcad2]]>
              </value>
            </param>
            <param index="1">
              <value>
                <![CDATA[public void com.ibm.salesconnect.test.mobile.ClientRestAPITests.Test_relateNewTaskToClient()]]>
              </value>
            </param>
          </params>
        </test-method> <!-- beforeMethod -->
        <test-method status="PASS" signature="Test_relateNewTaskToClient()[pri:0, instance:com.ibm.salesconnect.test.mobile.ClientRestAPITests@468a9e1a]" name="Test_relateNewTaskToClient" duration-ms="3188" started-at="2016-02-26T07:44:38Z" finished-at="2016-02-26T07:44:41Z">
        </test-method> <!-- Test_relateNewTaskToClient -->
        <test-method status="PASS" signature="afterMethod(org.testng.ITestResult, java.lang.reflect.Method)[pri:0, instance:com.ibm.salesconnect.test.mobile.ClientRestAPITests@468a9e1a]" name="afterMethod" is-config="true" duration-ms="0" started-at="2016-02-26T07:44:41Z" finished-at="2016-02-26T07:44:41Z">
          <params>
            <param index="0">
              <value>
                <![CDATA[[TestResult: Test_relateNewTaskToClient STATUS:SUCCESS METHOD:ClientRestAPITests.Test_relateNewTaskToClient()[pri:0, instance:com.ibm.salesconnect.test.mobile.ClientRestAPITests@468a9e1a]]
]]>
              </value>
            </param>
            <param index="1">
              <value>
                <![CDATA[public void com.ibm.salesconnect.test.mobile.ClientRestAPITests.Test_relateNewTaskToClient()]]>
              </value>
            </param>
          </params>
        </test-method> <!-- afterMethod -->
        <test-method status="PASS" signature="beforeMethod(org.testng.ITestContext, java.lang.reflect.Method)[pri:0, instance:com.ibm.salesconnect.test.mobile.ClientRestAPITests@468a9e1a]" name="beforeMethod" is-config="true" duration-ms="0" started-at="2016-02-26T07:44:41Z" finished-at="2016-02-26T07:44:41Z">
          <params>
            <param index="0">
              <value>
                <![CDATA[org.testng.TestRunner@696fcad2]]>
              </value>
            </param>
            <param index="1">
              <value>
                <![CDATA[public void com.ibm.salesconnect.test.mobile.ClientRestAPITests.Test_unFavoriteClient()]]>
              </value>
            </param>
          </params>
        </test-method> <!-- beforeMethod -->
        <test-method status="PASS" signature="Test_unFavoriteClient()[pri:0, instance:com.ibm.salesconnect.test.mobile.ClientRestAPITests@468a9e1a]" name="Test_unFavoriteClient" duration-ms="2773" started-at="2016-02-26T07:44:41Z" finished-at="2016-02-26T07:44:44Z">
        </test-method> <!-- Test_unFavoriteClient -->
        <test-method status="PASS" signature="afterClass(org.testng.xml.XmlTest)[pri:0, instance:com.ibm.salesconnect.test.mobile.ClientRestAPITests@468a9e1a]" name="afterClass" is-config="true" duration-ms="0" started-at="2016-02-26T07:44:44Z" finished-at="2016-02-26T07:44:44Z">
          <params>
            <param index="0">
              <value>
                <![CDATA[[Test: "Mobile tests" verbose:1[parameters:][metagroups:] [included: MOBILE ][excluded: ]  classes:[Class: com.ibm.salesconnect.test.mobile.CallRestAPITests] [Class: com.ibm.salesconnect.test.mobile.ClientRestAPITests] [Class: com.ibm.salesconnect.test.mobile.ContactRestAPITests] [Class: com.ibm.salesconnect.test.mobile.LoginRestAPITests] [Class: com.ibm.salesconnect.test.mobile.MeetingRestAPITests] [Class: com.ibm.salesconnect.test.mobile.NoteRestAPITests] [Class: com.ibm.salesconnect.test.mobile.OpportunityRestApiTests] [Class: com.ibm.salesconnect.test.mobile.TaskRestAPITests]  packages:org.testng.xml.XmlPackage@bc9efb45 ] ]]>
              </value>
            </param>
          </params>
        </test-method> <!-- afterClass -->
        <test-method status="PASS" signature="afterMethod(org.testng.ITestResult, java.lang.reflect.Method)[pri:0, instance:com.ibm.salesconnect.test.mobile.ClientRestAPITests@468a9e1a]" name="afterMethod" is-config="true" duration-ms="0" started-at="2016-02-26T07:44:44Z" finished-at="2016-02-26T07:44:44Z">
          <params>
            <param index="0">
              <value>
                <![CDATA[[TestResult: Test_unFavoriteClient STATUS:SUCCESS METHOD:ClientRestAPITests.Test_unFavoriteClient()[pri:0, instance:com.ibm.salesconnect.test.mobile.ClientRestAPITests@468a9e1a]]
]]>
              </value>
            </param>
            <param index="1">
              <value>
                <![CDATA[public void com.ibm.salesconnect.test.mobile.ClientRestAPITests.Test_unFavoriteClient()]]>
              </value>
            </param>
          </params>
        </test-method> <!-- afterMethod -->
      </class> <!-- com.ibm.salesconnect.test.mobile.ClientRestAPITests -->
    </test> <!-- Mobile tests -->
    <test name="BVT 0" duration-ms="4" started-at="2016-02-26T07:42:21Z" finished-at="2016-02-26T07:42:21Z">
    </test> <!-- BVT 0 -->
  </suite> <!-- SmokeTestSuite -->
</testng-results>
