<?xml version="1.0" encoding="UTF-8"?>
<!-- Generated by org.testng.reporters.JUnitXMLReporter -->
<testsuite hostname="vasko" name="Mobile tests" tests="95" failures="0" timestamp="26 Feb 2016 10:55:28 GMT" time="786.319" errors="0">
  <testcase name="Test_createCall" time="4.209" classname="com.ibm.salesconnect.test.mobile.CallRestAPITests"/>
  <testcase name="Test_deleteCall" time="4.213" classname="com.ibm.salesconnect.test.mobile.CallRestAPITests"/>
  <testcase name="Test_editCall" time="5.182" classname="com.ibm.salesconnect.test.mobile.CallRestAPITests"/>
  <testcase name="Test_favoriteCall" time="5.127" classname="com.ibm.salesconnect.test.mobile.CallRestAPITests"/>
  <testcase name="Test_linkAdditionalAssigneeToCall" time="5.032" classname="com.ibm.salesconnect.test.mobile.CallRestAPITests"/>
  <testcase name="Test_linkContactToCall" time="6.575" classname="com.ibm.salesconnect.test.mobile.CallRestAPITests"/>
  <testcase name="Test_linkNoteToCall" time="6.506" classname="com.ibm.salesconnect.test.mobile.CallRestAPITests"/>
  <testcase name="Test_linkOpportunityToCall" time="10.105" classname="com.ibm.salesconnect.test.mobile.CallRestAPITests"/>
  <testcase name="Test_linkTaskToCall" time="6.81" classname="com.ibm.salesconnect.test.mobile.CallRestAPITests"/>
  <testcase name="Test_linkUserToCall" time="5.121" classname="com.ibm.salesconnect.test.mobile.CallRestAPITests"/>
  <testcase name="Test_relateNewContactToCall" time="5.431" classname="com.ibm.salesconnect.test.mobile.CallRestAPITests"/>
  <testcase name="Test_relateNewNoteToCall" time="5.2" classname="com.ibm.salesconnect.test.mobile.CallRestAPITests"/>
  <testcase name="Test_relateNewOpportunityToCall" time="8.773" classname="com.ibm.salesconnect.test.mobile.CallRestAPITests"/>
  <testcase name="Test_relateNewTaskToCall" time="5.468" classname="com.ibm.salesconnect.test.mobile.CallRestAPITests"/>
  <testcase name="Test_unFavoriteCall" time="4.993" classname="com.ibm.salesconnect.test.mobile.CallRestAPITests"/>
  <testcase name="Test_favoriteClient" time="2.798" classname="com.ibm.salesconnect.test.mobile.ClientRestAPITests"/>
  <testcase name="Test_linkCallToClient" time="6.727" classname="com.ibm.salesconnect.test.mobile.ClientRestAPITests"/>
  <testcase name="Test_linkContactToClient" time="4.908" classname="com.ibm.salesconnect.test.mobile.ClientRestAPITests"/>
  <testcase name="Test_linkMeetingToClient" time="4.696" classname="com.ibm.salesconnect.test.mobile.ClientRestAPITests"/>
  <testcase name="Test_linkNoteToClient" time="4.936" classname="com.ibm.salesconnect.test.mobile.ClientRestAPITests"/>
  <testcase name="Test_linkTaskToClient" time="5.178" classname="com.ibm.salesconnect.test.mobile.ClientRestAPITests"/>
  <testcase name="Test_relateNewCallToClient" time="6.138" classname="com.ibm.salesconnect.test.mobile.ClientRestAPITests"/>
  <testcase name="Test_relateNewContactToClient" time="3.684" classname="com.ibm.salesconnect.test.mobile.ClientRestAPITests"/>
  <testcase name="Test_relateNewNoteToClient" time="3.031" classname="com.ibm.salesconnect.test.mobile.ClientRestAPITests"/>
  <testcase name="Test_relateNewOpportunityToClient" time="5.796" classname="com.ibm.salesconnect.test.mobile.ClientRestAPITests"/>
  <testcase name="Test_relateNewTaskToClient" time="3.188" classname="com.ibm.salesconnect.test.mobile.ClientRestAPITests"/>
  <testcase name="Test_unFavoriteClient" time="2.773" classname="com.ibm.salesconnect.test.mobile.ClientRestAPITests"/>
  <testcase name="Test_createContact" time="2.479" classname="com.ibm.salesconnect.test.mobile.ContactRestAPITests"/>
  <testcase name="Test_deleteContact" time="3.627" classname="com.ibm.salesconnect.test.mobile.ContactRestAPITests"/>
  <testcase name="Test_favoriteContact" time="4.209" classname="com.ibm.salesconnect.test.mobile.ContactRestAPITests"/>
  <testcase name="Test_linkCallToContact" time="6.302" classname="com.ibm.salesconnect.test.mobile.ContactRestAPITests"/>
  <testcase name="Test_linkMeetingToContact" time="5.204" classname="com.ibm.salesconnect.test.mobile.ContactRestAPITests"/>
  <testcase name="Test_linkOpportunityToContact" time="9.024" classname="com.ibm.salesconnect.test.mobile.ContactRestAPITests"/>
  <testcase name="Test_relateNewCallToContact" time="4.603" classname="com.ibm.salesconnect.test.mobile.ContactRestAPITests"/>
  <testcase name="Test_relateNewOpportunityToContact" time="7.138" classname="com.ibm.salesconnect.test.mobile.ContactRestAPITests"/>
  <testcase name="Test_unFavoriteContact" time="4.838" classname="com.ibm.salesconnect.test.mobile.ContactRestAPITests"/>
  <testcase name="Test_logout" time="1.196" classname="com.ibm.salesconnect.test.mobile.LoginRestAPITests"/>
  <testcase name="Test_obtainLabels" time="115.62" classname="com.ibm.salesconnect.test.mobile.LoginRestAPITests"/>
  <testcase name="Test_obtainMe" time="38.354" classname="com.ibm.salesconnect.test.mobile.LoginRestAPITests"/>
  <testcase name="Test_obtainMetadata" time="28.967" classname="com.ibm.salesconnect.test.mobile.LoginRestAPITests"/>
  <testcase name="Test_createmeeting" time="3.836" classname="com.ibm.salesconnect.test.mobile.MeetingRestAPITests"/>
  <testcase name="Test_deletemeeting" time="4.163" classname="com.ibm.salesconnect.test.mobile.MeetingRestAPITests"/>
  <testcase name="Test_editMeeting" time="6.843" classname="com.ibm.salesconnect.test.mobile.MeetingRestAPITests"/>
  <testcase name="Test_favoritemeeting" time="4.933" classname="com.ibm.salesconnect.test.mobile.MeetingRestAPITests"/>
  <testcase name="Test_linkClientToMeeting" time="5.376" classname="com.ibm.salesconnect.test.mobile.MeetingRestAPITests"/>
  <testcase name="Test_linkContactToMeeting" time="11.408" classname="com.ibm.salesconnect.test.mobile.MeetingRestAPITests"/>
  <testcase name="Test_linkOpportunityToMeeting" time="10.528" classname="com.ibm.salesconnect.test.mobile.MeetingRestAPITests"/>
  <testcase name="Test_linkUserToMeeting" time="8.184" classname="com.ibm.salesconnect.test.mobile.MeetingRestAPITests"/>
  <testcase name="Test_relateNewContactToMeeting" time="5.552" classname="com.ibm.salesconnect.test.mobile.MeetingRestAPITests"/>
  <testcase name="Test_relateNewNoteToMeeting" time="5.277" classname="com.ibm.salesconnect.test.mobile.MeetingRestAPITests"/>
  <testcase name="Test_relateNewOpportunityToMeeting" time="8.414" classname="com.ibm.salesconnect.test.mobile.MeetingRestAPITests"/>
  <testcase name="Test_relateNewTaskToMeeting" time="5.65" classname="com.ibm.salesconnect.test.mobile.MeetingRestAPITests"/>
  <testcase name="Test_unFavoritemeeting" time="5.098" classname="com.ibm.salesconnect.test.mobile.MeetingRestAPITests"/>
  <testcase name="Test_createNote" time="3.71" classname="com.ibm.salesconnect.test.mobile.NoteRestAPITests"/>
  <testcase name="Test_deleteNote" time="4.188" classname="com.ibm.salesconnect.test.mobile.NoteRestAPITests"/>
  <testcase name="Test_editNote" time="5.072" classname="com.ibm.salesconnect.test.mobile.NoteRestAPITests"/>
  <testcase name="Test_favoriteNote" time="6.078" classname="com.ibm.salesconnect.test.mobile.NoteRestAPITests"/>
  <testcase name="Test_linkAdditionalAssigneeToNote" time="9.241" classname="com.ibm.salesconnect.test.mobile.NoteRestAPITests"/>
  <testcase name="Test_linkClientToNote" time="5.056" classname="com.ibm.salesconnect.test.mobile.NoteRestAPITests"/>
  <testcase name="Test_linkContactToNote" time="8.044" classname="com.ibm.salesconnect.test.mobile.NoteRestAPITests"/>
  <testcase name="Test_linkOpportunityToNote" time="9.597" classname="com.ibm.salesconnect.test.mobile.NoteRestAPITests"/>
  <testcase name="Test_linkTaskToNote" time="6.644" classname="com.ibm.salesconnect.test.mobile.NoteRestAPITests"/>
  <testcase name="Test_relateNewContactToNote" time="9.084" classname="com.ibm.salesconnect.test.mobile.NoteRestAPITests"/>
  <testcase name="Test_relateNewOpportunityToNote" time="8.634" classname="com.ibm.salesconnect.test.mobile.NoteRestAPITests"/>
  <testcase name="Test_relateNewTaskToNote" time="5.41" classname="com.ibm.salesconnect.test.mobile.NoteRestAPITests"/>
  <testcase name="Test_unFavoriteNote" time="4.78" classname="com.ibm.salesconnect.test.mobile.NoteRestAPITests"/>
  <testcase name="Test_createOpportunity" time="7.339" classname="com.ibm.salesconnect.test.mobile.OpportunityRestApiTests"/>
  <testcase name="Test_editOpportunity" time="12.231" classname="com.ibm.salesconnect.test.mobile.OpportunityRestApiTests"/>
  <testcase name="Test_favoriteOpportunity" time="8.535" classname="com.ibm.salesconnect.test.mobile.OpportunityRestApiTests"/>
  <testcase name="Test_linkCallToOpportunity" time="10.357" classname="com.ibm.salesconnect.test.mobile.OpportunityRestApiTests"/>
  <testcase name="Test_linkContactToOpportunity" time="23.898" classname="com.ibm.salesconnect.test.mobile.OpportunityRestApiTests"/>
  <testcase name="Test_linkNoteToOpportunity" time="9.911" classname="com.ibm.salesconnect.test.mobile.OpportunityRestApiTests"/>
  <testcase name="Test_linkTaskToOpportunity" time="10.38" classname="com.ibm.salesconnect.test.mobile.OpportunityRestApiTests"/>
  <testcase name="Test_relateNewCallToOpportunity" time="8.331" classname="com.ibm.salesconnect.test.mobile.OpportunityRestApiTests"/>
  <testcase name="Test_relateNewContactToOpportunity" time="11.152" classname="com.ibm.salesconnect.test.mobile.OpportunityRestApiTests"/>
  <testcase name="Test_relateNewLineItemToOpportunity" time="9.212" classname="com.ibm.salesconnect.test.mobile.OpportunityRestApiTests"/>
  <testcase name="Test_relateNewNoteToOpportunity" time="8.614" classname="com.ibm.salesconnect.test.mobile.OpportunityRestApiTests"/>
  <testcase name="Test_relateNewTaskToOpportunity" time="9.142" classname="com.ibm.salesconnect.test.mobile.OpportunityRestApiTests"/>
  <testcase name="Test_unFavoriteOpportunity" time="7.894" classname="com.ibm.salesconnect.test.mobile.OpportunityRestApiTests"/>
  <testcase name="Test_createTask" time="3.061" classname="com.ibm.salesconnect.test.mobile.TaskRestAPITests"/>
  <testcase name="Test_deleteTask" time="4.094" classname="com.ibm.salesconnect.test.mobile.TaskRestAPITests"/>
  <testcase name="Test_editTask" time="6.549" classname="com.ibm.salesconnect.test.mobile.TaskRestAPITests"/>
  <testcase name="Test_favoriteTask" time="5.012" classname="com.ibm.salesconnect.test.mobile.TaskRestAPITests"/>
  <testcase name="Test_linkAdditionalAssigneeToTask" time="7.405" classname="com.ibm.salesconnect.test.mobile.TaskRestAPITests"/>
  <testcase name="Test_linkCallToTask" time="6.63" classname="com.ibm.salesconnect.test.mobile.TaskRestAPITests"/>
  <testcase name="Test_linkClientToTask" time="5.156" classname="com.ibm.salesconnect.test.mobile.TaskRestAPITests"/>
  <testcase name="Test_linkContactToTask" time="6.443" classname="com.ibm.salesconnect.test.mobile.TaskRestAPITests"/>
  <testcase name="Test_linkNoteToTask" time="10.799" classname="com.ibm.salesconnect.test.mobile.TaskRestAPITests"/>
  <testcase name="Test_linkOpportunityToTask" time="9.676" classname="com.ibm.salesconnect.test.mobile.TaskRestAPITests"/>
  <testcase name="Test_linkTaskToTask" time="10.167" classname="com.ibm.salesconnect.test.mobile.TaskRestAPITests"/>
  <testcase name="Test_relateNewContactToTask" time="5.168" classname="com.ibm.salesconnect.test.mobile.TaskRestAPITests"/>
  <testcase name="Test_relateNewNoteToTask" time="5.23" classname="com.ibm.salesconnect.test.mobile.TaskRestAPITests"/>
  <testcase name="Test_relateNewOpportunityToTask" time="8.357" classname="com.ibm.salesconnect.test.mobile.TaskRestAPITests"/>
  <testcase name="Test_relateNewTaskToTask" time="5.439" classname="com.ibm.salesconnect.test.mobile.TaskRestAPITests"/>
  <testcase name="Test_unFavoriteTask" time="4.947" classname="com.ibm.salesconnect.test.mobile.TaskRestAPITests"/>
</testsuite> <!-- Mobile tests -->
