<?xml version="1.0" encoding="UTF-8"?>
<!-- Generated by org.testng.reporters.JUnitXMLReporter -->
<testsuite hostname="vasko" name="Command line test" tests="15" failures="0" timestamp="26 Feb 2016 09:03:39 GMT" time="0.042" errors="0">
  <testcase name="@BeforeTest beforeTest" time="0.0" classname="com.ibm.salesconnect.test.mobile.CallRestAPITests">
    <failure type="java.security.InvalidParameterException" message="Required parameter not found in config: browser_start_command">
      <![CDATA[java.security.InvalidParameterException: Required parameter not found in config: browser_start_command
	at com.ibm.atmn.waffle.utils.Utils.loadPropertyMapToEnum(Utils.java:39)
	at com.ibm.atmn.waffle.core.TestConfiguration.loadConfigProperties(TestConfiguration.java:137)
	at com.ibm.atmn.waffle.core.TestConfiguration.<init>(TestConfiguration.java:114)
	at com.ibm.atmn.waffle.core.TestConfiguration.getTestConfiguration(TestConfiguration.java:128)
	at com.ibm.atmn.waffle.core.TestManager.<init>(TestManager.java:42)
	at com.ibm.atmn.waffle.core.TestManager.getTestManager(TestManager.java:58)
	at com.ibm.atmn.waffle.base.BaseSetup.beforeTest(BaseSetup.java:45)
	at com.ibm.salesconnect.test.mobile.MainClass.main(MainClass.java:11)
... Removed 19 stack frames]]>
    </failure>
  </testcase> <!-- @BeforeTest beforeTest -->
  <testcase name="@BeforeClass beforeClass" time="0.0" classname="com.ibm.salesconnect.test.mobile.CallRestAPITests">
    <skipped/>
  </testcase> <!-- @BeforeClass beforeClass -->
  <testcase name="@BeforeMethod beforeMethod" time="0.0" classname="com.ibm.salesconnect.test.mobile.CallRestAPITests">
    <skipped/>
  </testcase> <!-- @BeforeMethod beforeMethod -->
  <testcase name="@BeforeMethod beforeMethod" time="0.0" classname="com.ibm.salesconnect.test.mobile.CallRestAPITests">
    <skipped/>
  </testcase> <!-- @BeforeMethod beforeMethod -->
  <testcase name="@BeforeMethod beforeMethod" time="0.0" classname="com.ibm.salesconnect.test.mobile.CallRestAPITests">
    <skipped/>
  </testcase> <!-- @BeforeMethod beforeMethod -->
  <testcase name="@BeforeMethod beforeMethod" time="0.0" classname="com.ibm.salesconnect.test.mobile.CallRestAPITests">
    <skipped/>
  </testcase> <!-- @BeforeMethod beforeMethod -->
  <testcase name="@BeforeMethod beforeMethod" time="0.0" classname="com.ibm.salesconnect.test.mobile.CallRestAPITests">
    <skipped/>
  </testcase> <!-- @BeforeMethod beforeMethod -->
  <testcase name="@BeforeMethod beforeMethod" time="0.0" classname="com.ibm.salesconnect.test.mobile.CallRestAPITests">
    <skipped/>
  </testcase> <!-- @BeforeMethod beforeMethod -->
  <testcase name="@BeforeMethod beforeMethod" time="0.0" classname="com.ibm.salesconnect.test.mobile.CallRestAPITests">
    <skipped/>
  </testcase> <!-- @BeforeMethod beforeMethod -->
  <testcase name="@BeforeMethod beforeMethod" time="0.0" classname="com.ibm.salesconnect.test.mobile.CallRestAPITests">
    <skipped/>
  </testcase> <!-- @BeforeMethod beforeMethod -->
  <testcase name="@BeforeMethod beforeMethod" time="0.0" classname="com.ibm.salesconnect.test.mobile.CallRestAPITests">
    <skipped/>
  </testcase> <!-- @BeforeMethod beforeMethod -->
  <testcase name="@BeforeMethod beforeMethod" time="0.0" classname="com.ibm.salesconnect.test.mobile.CallRestAPITests">
    <skipped/>
  </testcase> <!-- @BeforeMethod beforeMethod -->
  <testcase name="@BeforeMethod beforeMethod" time="0.0" classname="com.ibm.salesconnect.test.mobile.CallRestAPITests">
    <skipped/>
  </testcase> <!-- @BeforeMethod beforeMethod -->
  <testcase name="@BeforeMethod beforeMethod" time="0.0" classname="com.ibm.salesconnect.test.mobile.CallRestAPITests">
    <skipped/>
  </testcase> <!-- @BeforeMethod beforeMethod -->
  <testcase name="@BeforeMethod beforeMethod" time="0.0" classname="com.ibm.salesconnect.test.mobile.CallRestAPITests">
    <skipped/>
  </testcase> <!-- @BeforeMethod beforeMethod -->
  <testcase name="@BeforeMethod beforeMethod" time="0.0" classname="com.ibm.salesconnect.test.mobile.CallRestAPITests">
    <skipped/>
  </testcase> <!-- @BeforeMethod beforeMethod -->
  <testcase name="@BeforeMethod beforeMethod" time="0.0" classname="com.ibm.salesconnect.test.mobile.CallRestAPITests">
    <skipped/>
  </testcase> <!-- @BeforeMethod beforeMethod -->
  <testcase name="Test_createCall" time="0.0" classname="com.ibm.salesconnect.test.mobile.CallRestAPITests">
    <skipped/>
  </testcase> <!-- Test_createCall -->
  <testcase name="Test_deleteCall" time="0.0" classname="com.ibm.salesconnect.test.mobile.CallRestAPITests">
    <skipped/>
  </testcase> <!-- Test_deleteCall -->
  <testcase name="Test_editCall" time="0.0" classname="com.ibm.salesconnect.test.mobile.CallRestAPITests">
    <skipped/>
  </testcase> <!-- Test_editCall -->
  <testcase name="Test_favoriteCall" time="0.0" classname="com.ibm.salesconnect.test.mobile.CallRestAPITests">
    <skipped/>
  </testcase> <!-- Test_favoriteCall -->
  <testcase name="Test_linkAdditionalAssigneeToCall" time="0.0" classname="com.ibm.salesconnect.test.mobile.CallRestAPITests">
    <skipped/>
  </testcase> <!-- Test_linkAdditionalAssigneeToCall -->
  <testcase name="Test_linkContactToCall" time="0.0" classname="com.ibm.salesconnect.test.mobile.CallRestAPITests">
    <skipped/>
  </testcase> <!-- Test_linkContactToCall -->
  <testcase name="Test_linkNoteToCall" time="0.0" classname="com.ibm.salesconnect.test.mobile.CallRestAPITests">
    <skipped/>
  </testcase> <!-- Test_linkNoteToCall -->
  <testcase name="Test_linkOpportunityToCall" time="0.0" classname="com.ibm.salesconnect.test.mobile.CallRestAPITests">
    <skipped/>
  </testcase> <!-- Test_linkOpportunityToCall -->
  <testcase name="Test_linkTaskToCall" time="0.0" classname="com.ibm.salesconnect.test.mobile.CallRestAPITests">
    <skipped/>
  </testcase> <!-- Test_linkTaskToCall -->
  <testcase name="Test_linkUserToCall" time="0.0" classname="com.ibm.salesconnect.test.mobile.CallRestAPITests">
    <skipped/>
  </testcase> <!-- Test_linkUserToCall -->
  <testcase name="Test_relateNewContactToCall" time="0.001" classname="com.ibm.salesconnect.test.mobile.CallRestAPITests">
    <skipped/>
  </testcase> <!-- Test_relateNewContactToCall -->
  <testcase name="Test_relateNewNoteToCall" time="0.0" classname="com.ibm.salesconnect.test.mobile.CallRestAPITests">
    <skipped/>
  </testcase> <!-- Test_relateNewNoteToCall -->
  <testcase name="Test_relateNewOpportunityToCall" time="0.001" classname="com.ibm.salesconnect.test.mobile.CallRestAPITests">
    <skipped/>
  </testcase> <!-- Test_relateNewOpportunityToCall -->
  <testcase name="Test_relateNewTaskToCall" time="0.0" classname="com.ibm.salesconnect.test.mobile.CallRestAPITests">
    <skipped/>
  </testcase> <!-- Test_relateNewTaskToCall -->
  <testcase name="Test_unFavoriteCall" time="0.0" classname="com.ibm.salesconnect.test.mobile.CallRestAPITests">
    <skipped/>
  </testcase> <!-- Test_unFavoriteCall -->
</testsuite> <!-- Command line test -->
